TID: [-1234] [2022-11-28 10:51:05,860]  INFO {AUDIT_LOG} - Initiator=wso2.system.user Action=Get-User-Claim-Values Target=admin Data={"Claims":{},"Profile":"default"} Outcome=Success
TID: [-1234] [2022-11-28 10:51:05,860]  INFO {AUDIT_LOG} - Initiator=wso2.system.user Action=Get-User-Claim-Values Target=admin Data={"Claims":{},"Profile":"default"} Outcome=Success
TID: [-1234] [2022-11-28 10:51:05,860]  INFO {AUDIT_LOG} - Initiator=wso2.system.user Action=Get-User-Claim-Values Target=admin Data={"Claims":{},"Profile":"default"} Outcome=Success
TID: [-1234] [2022-11-28 10:51:05,860]  INFO {AUDIT_LOG} - Initiator=wso2.system.user Action=Get-User-Claim-Values Target=admin Data={"Claims":{},"Profile":"default"} Outcome=Success
TID: [-1234] [2022-11-28 10:51:05,860]  INFO {AUDIT_LOG} - Initiator=wso2.system.user Action=Get-User-Claim-Values Target=admin Data={"Claims":{},"Profile":"default"} Outcome=Success
TID: [-1234] [2022-11-28 10:51:05,860]  INFO {AUDIT_LOG} - Initiator=wso2.system.user Action=Get-User-Claim-Values Target=admin Data={"Claims":{},"Profile":"default"} Outcome=Success
TID: [-1234] [2022-11-28 10:51:05,860]  INFO {AUDIT_LOG} - Initiator=wso2.system.user Action=Get-User-Claim-Values Target=admin Data={"Claims":{},"Profile":"default"} Outcome=Success
TID: [-1234] [2022-11-28 10:51:05,860]  INFO {AUDIT_LOG} - Initiator=wso2.system.user Action=Get-User-Claim-Values Target=admin Data={"Claims":{},"Profile":"default"} Outcome=Success
TID: [-1234] [2022-11-28 10:51:05,860]  INFO {AUDIT_LOG} - Initiator=wso2.system.user Action=Get-User-Claim-Values Target=admin Data={"Claims":{},"Profile":"default"} Outcome=Success
TID: [-1234] [2022-11-28 10:51:05,860]  INFO {AUDIT_LOG} - Initiator=wso2.system.user Action=Get-User-Claim-Values Target=admin Data={"Claims":{},"Profile":"default"} Outcome=Success
TID: [-1234] [2022-11-28 10:51:05,860]  INFO {AUDIT_LOG} - Initiator=wso2.system.user Action=Get-User-Claim-Values Target=admin Data={"Claims":{},"Profile":"default"} Outcome=Success
TID: [-1234] [2022-11-28 10:51:05,860]  INFO {AUDIT_LOG} - Initiator=wso2.system.user Action=Get-User-Claim-Values Target=admin Data={"Claims":{},"Profile":"default"} Outcome=Success
TID: [-1234] [2022-11-28 10:51:05,860]  INFO {AUDIT_LOG} - Initiator=wso2.system.user Action=Get-User-Claim-Values Target=admin Data={"Claims":{},"Profile":"default"} Outcome=Success
TID: [-1234] [2022-11-28 10:51:05,860]  INFO {AUDIT_LOG} - Initiator=wso2.system.user Action=Get-User-Claim-Values Target=admin Data={"Claims":{},"Profile":"default"} Outcome=Success
TID: [-1234] [2022-11-28 10:51:05,860]  INFO {AUDIT_LOG} - Initiator=wso2.system.user Action=Get-User-Claim-Values Target=admin Data={"Claims":{},"Profile":"default"} Outcome=Success
TID: [-1234] [2022-11-28 10:51:05,860]  INFO {AUDIT_LOG} - Initiator=wso2.system.user Action=Get-User-Claim-Values Target=admin Data={"Claims":{},"Profile":"default"} Outcome=Success
TID: [-1234] [2022-11-28 10:51:07,214]  INFO {AUDIT_LOG} - Initiator=wso2.system.user Action=Get-User-Claim-Values Target=admin Data={"Claims":{},"Profile":"default"} Outcome=Success
TID: [-1234] [2022-11-28 10:51:07,315]  INFO {AUDIT_LOG} - Initiator=wso2.system.user Action=Get-User-Claim-Values Target=admin Data={"Claims":{},"Profile":"default"} Outcome=Success
TID: [-1234] [2022-11-28 10:51:07,488]  INFO {AUDIT_LOG} - Initiator=wso2.system.user Action=Get-User-Claim-Values Target=admin Data={"Claims":{},"Profile":"default"} Outcome=Success
TID: [-1234] [2022-11-28 10:51:07,771]  INFO {AUDIT_LOG} - Initiator=wso2.system.user Action=Get-User-Claim-Values Target=admin Data={"Claims":{},"Profile":"default"} Outcome=Success
TID: [-1234] [2022-11-28 10:51:07,950]  INFO {AUDIT_LOG} - Initiator=wso2.system.user Action=Get-User-Claim-Values Target=admin Data={"Claims":{},"Profile":"default"} Outcome=Success
TID: [-1234] [2022-11-28 10:51:08,103]  INFO {AUDIT_LOG} - Initiator=wso2.system.user Action=Get-User-Claim-Values Target=admin Data={"Claims":{},"Profile":"default"} Outcome=Success
TID: [-1234] [2022-11-28 10:51:09,889]  INFO {AUDIT_LOG} - Initiator=wso2.system.user Action=Get-User-Claim-Values Target=admin Data={"Claims":{},"Profile":"default"} Outcome=Success
TID: [-1234] [2022-11-28 10:51:09,889]  INFO {AUDIT_LOG} - Initiator=wso2.system.user Action=Get-User-Claim-Values Target=admin Data={"Claims":{},"Profile":"default"} Outcome=Success
TID: [-1234] [2022-11-28 10:51:09,889]  INFO {AUDIT_LOG} - Initiator=wso2.system.user Action=Get-User-Claim-Values Target=admin Data={"Claims":{},"Profile":"default"} Outcome=Success
TID: [-1234] [2022-11-28 10:51:09,889]  INFO {AUDIT_LOG} - Initiator=wso2.system.user Action=Get-User-Claim-Values Target=admin Data={"Claims":{},"Profile":"default"} Outcome=Success
TID: [-1234] [2022-11-28 10:51:09,889]  INFO {AUDIT_LOG} - Initiator=wso2.system.user Action=Get-User-Claim-Values Target=admin Data={"Claims":{},"Profile":"default"} Outcome=Success
TID: [-1234] [2022-11-28 10:51:09,889]  INFO {AUDIT_LOG} - Initiator=wso2.system.user Action=Get-User-Claim-Values Target=admin Data={"Claims":{},"Profile":"default"} Outcome=Success
TID: [-1234] [2022-11-28 10:51:09,889]  INFO {AUDIT_LOG} - Initiator=wso2.system.user Action=Get-User-Claim-Values Target=admin Data={"Claims":{},"Profile":"default"} Outcome=Success
TID: [-1234] [2022-11-28 10:51:09,893]  INFO {AUDIT_LOG} - Initiator=wso2.system.user Action=Get-User-Claim-Values Target=admin Data={"Claims":{},"Profile":"default"} Outcome=Success
TID: [-1234] [2022-11-28 10:51:14,988]  INFO {AUDIT_LOG} - Initiator=wso2.system.user Action=Get-User-Claim-Values Target=admin Data={"Claims":{},"Profile":"default"} Outcome=Success
TID: [-1234] [2022-11-28 10:51:14,988]  INFO {AUDIT_LOG} - Initiator=wso2.system.user Action=Get-User-Claim-Values Target=admin Data={"Claims":{},"Profile":"default"} Outcome=Success
TID: [-1234] [2022-11-28 10:51:14,988]  INFO {AUDIT_LOG} - Initiator=wso2.system.user Action=Get-User-Claim-Values Target=admin Data={"Claims":{},"Profile":"default"} Outcome=Success
TID: [-1234] [2022-11-28 10:51:14,988]  INFO {AUDIT_LOG} - Initiator=wso2.system.user Action=Get-User-Claim-Values Target=admin Data={"Claims":{},"Profile":"default"} Outcome=Success
TID: [-1234] [2022-11-28 10:51:14,994]  INFO {AUDIT_LOG} - Initiator=wso2.system.user Action=Get-User-Claim-Values Target=admin Data={"Claims":{},"Profile":"default"} Outcome=Success
TID: [-1234] [2022-11-28 10:51:14,994]  INFO {AUDIT_LOG} - Initiator=wso2.system.user Action=Get-User-Claim-Values Target=admin Data={"Claims":{},"Profile":"default"} Outcome=Success
TID: [-1234] [2022-11-28 10:51:14,994]  INFO {AUDIT_LOG} - Initiator=wso2.system.user Action=Get-User-Claim-Values Target=admin Data={"Claims":{},"Profile":"default"} Outcome=Success
TID: [-1234] [2022-11-28 10:51:14,994]  INFO {AUDIT_LOG} - Initiator=wso2.system.user Action=Get-User-Claim-Values Target=admin Data={"Claims":{},"Profile":"default"} Outcome=Success
TID: [-1234] [2022-11-28 10:51:15,108]  INFO {AUDIT_LOG} - Initiator=wso2.system.user Action=Get-Roles-of-User Target=admin Data={"Filter":"*","Roles":["Internal/subscriber","Application/admin_0550c906-ee9e-4c2a-b482-0eee061314ca_SANDBOX","Internal/creator","Application/apim_devportal","Internal/publisher","Internal/everyone","Internal/devops","admin","Internal/analytics","Internal/observer","Application/apim_publisher","Internal/integration_dev"]} Outcome=Success
TID: [-1234] [2022-11-28 10:55:19,082]  INFO {AUDIT_LOG} - Initiator=wso2.system.user Action=Get-User-Claim-Values Target=admin Data={"ServiceProviderName":"apim_publisher","Claims":{"http://wso2.org/claims/username":"admin","http://wso2.org/claims/userid":"37b8f14e-9921-4597-9119-6f234488d57d","http://wso2.org/claims/role":"Internal/subscriber,Application/admin_0550c906-ee9e-4c2a-b482-0eee061314ca_SANDBOX,Internal/creator,Application/apim_devportal,Internal/publisher,Internal/everyone,Internal/devops,admin,Internal/analytics,Internal/observer,Application/apim_publisher,Internal/integration_dev","http://wso2.org/claims/userprincipal":"admin"}} Outcome=Success
TID: [-1234] [2022-11-28 10:55:19,170]  INFO {AUDIT_LOG} - Initiator : admin | Action : Login | Target : ApplicationAuthenticationFramework | Data : { "ContextIdentifier" : "daa3b0b5-f21c-48b3-a066-4f6558b0cdce","AuthenticatedUser" : "admin","AuthenticatedUserTenantDomain" : "carbon.super","ServiceProviderName" : "apim_publisher","RequestType" : "oidc","RelyingParty" : "WhSGAauEG6fHaCWr8PYJRROfSsAa","AuthenticatedIdPs" : "eyJ0eXAiOiJKV1QiLCAiYWxnIjoiSFMyNTYifQ==.eyJpc3MiOiJ3c28yIiwiZXhwIjoxNjY5NjI5MzE5MDc0MzAwMCwiaWF0IjoxNjY5NjI5MzE5MDc0LCJpZHBzIjpbeyJpZHAiOiJMT0NBTCIsImF1dGhlbnRpY2F0b3IiOiJCYXNpY0F1dGhlbnRpY2F0b3IifV19.jLLK0ksFo3UZMFyeVHF4+pTMi74=","User Agent" : "null","RemoteAddress" : "null","UserStoreDomain" : "PRIMARY" } | Result : Success 
TID: [-1234] [2022-11-28 10:55:20,222]  INFO {AUDIT_LOG} - Initiator=wso2.system.user Action=Get-User-Claim-Values Target=admin Data={"Claims":{},"Profile":"default"} Outcome=Success
TID: [-1234] [2022-11-28 11:29:00,330]  INFO {AUDIT_LOG} - Initiator=wso2.system.user Action=Get-Roles-of-User Target=admin Data={"Filter":"*","Roles":["Internal/subscriber","Application/admin_0550c906-ee9e-4c2a-b482-0eee061314ca_SANDBOX","Internal/creator","Application/apim_devportal","Internal/publisher","Internal/everyone","Internal/devops","admin","Internal/analytics","Internal/observer","Application/apim_publisher","Internal/integration_dev"]} Outcome=Success
TID: [-1234] [2022-11-28 14:07:24,888]  INFO {AUDIT_LOG} - Initiator=wso2.system.user Action=Get-User-Claim-Values Target=admin Data={"Claims":{},"Profile":"default"} Outcome=Success
TID: [-1234] [2022-11-28 14:07:24,888]  INFO {AUDIT_LOG} - Initiator=wso2.system.user Action=Get-User-Claim-Values Target=admin Data={"Claims":{},"Profile":"default"} Outcome=Success
TID: [-1234] [2022-11-28 14:07:24,888]  INFO {AUDIT_LOG} - Initiator=wso2.system.user Action=Get-User-Claim-Values Target=admin Data={"Claims":{},"Profile":"default"} Outcome=Success
TID: [-1234] [2022-11-28 14:07:24,888]  INFO {AUDIT_LOG} - Initiator=wso2.system.user Action=Get-User-Claim-Values Target=admin Data={"Claims":{},"Profile":"default"} Outcome=Success
TID: [-1234] [2022-11-28 14:07:24,888]  INFO {AUDIT_LOG} - Initiator=wso2.system.user Action=Get-User-Claim-Values Target=admin Data={"Claims":{},"Profile":"default"} Outcome=Success
TID: [-1234] [2022-11-28 14:07:24,888]  INFO {AUDIT_LOG} - Initiator=wso2.system.user Action=Get-User-Claim-Values Target=admin Data={"Claims":{},"Profile":"default"} Outcome=Success
TID: [-1234] [2022-11-28 14:07:24,888]  INFO {AUDIT_LOG} - Initiator=wso2.system.user Action=Get-User-Claim-Values Target=admin Data={"Claims":{},"Profile":"default"} Outcome=Success
TID: [-1234] [2022-11-28 14:07:24,888]  INFO {AUDIT_LOG} - Initiator=wso2.system.user Action=Get-User-Claim-Values Target=admin Data={"Claims":{},"Profile":"default"} Outcome=Success
TID: [-1234] [2022-11-28 14:07:24,888]  INFO {AUDIT_LOG} - Initiator=wso2.system.user Action=Get-User-Claim-Values Target=admin Data={"Claims":{},"Profile":"default"} Outcome=Success
TID: [-1234] [2022-11-28 14:07:24,888]  INFO {AUDIT_LOG} - Initiator=wso2.system.user Action=Get-User-Claim-Values Target=admin Data={"Claims":{},"Profile":"default"} Outcome=Success
TID: [-1234] [2022-11-28 14:07:24,889]  INFO {AUDIT_LOG} - Initiator=wso2.system.user Action=Get-User-Claim-Values Target=admin Data={"Claims":{},"Profile":"default"} Outcome=Success
TID: [-1234] [2022-11-28 14:07:24,889]  INFO {AUDIT_LOG} - Initiator=wso2.system.user Action=Get-User-Claim-Values Target=admin Data={"Claims":{},"Profile":"default"} Outcome=Success
TID: [-1234] [2022-11-28 14:07:24,889]  INFO {AUDIT_LOG} - Initiator=wso2.system.user Action=Get-User-Claim-Values Target=admin Data={"Claims":{},"Profile":"default"} Outcome=Success
TID: [-1234] [2022-11-28 14:07:24,889]  INFO {AUDIT_LOG} - Initiator=wso2.system.user Action=Get-User-Claim-Values Target=admin Data={"Claims":{},"Profile":"default"} Outcome=Success
TID: [-1234] [2022-11-28 14:07:24,890]  INFO {AUDIT_LOG} - Initiator=wso2.system.user Action=Get-User-Claim-Values Target=admin Data={"Claims":{},"Profile":"default"} Outcome=Success
TID: [-1234] [2022-11-28 14:07:24,890]  INFO {AUDIT_LOG} - Initiator=wso2.system.user Action=Get-User-Claim-Values Target=admin Data={"Claims":{},"Profile":"default"} Outcome=Success
TID: [-1234] [2022-11-28 14:07:26,612]  INFO {AUDIT_LOG} - Initiator=wso2.system.user Action=Get-User-Claim-Values Target=admin Data={"Claims":{},"Profile":"default"} Outcome=Success
TID: [-1234] [2022-11-28 14:07:26,704]  INFO {AUDIT_LOG} - Initiator=wso2.system.user Action=Get-User-Claim-Values Target=admin Data={"Claims":{},"Profile":"default"} Outcome=Success
TID: [-1234] [2022-11-28 14:07:27,058]  INFO {AUDIT_LOG} - Initiator=wso2.system.user Action=Get-User-Claim-Values Target=admin Data={"Claims":{},"Profile":"default"} Outcome=Success
TID: [-1234] [2022-11-28 14:07:27,514]  INFO {AUDIT_LOG} - Initiator=wso2.system.user Action=Get-User-Claim-Values Target=admin Data={"Claims":{},"Profile":"default"} Outcome=Success
TID: [-1234] [2022-11-28 14:07:27,711]  INFO {AUDIT_LOG} - Initiator=wso2.system.user Action=Get-User-Claim-Values Target=admin Data={"Claims":{},"Profile":"default"} Outcome=Success
TID: [-1234] [2022-11-28 14:07:28,053]  INFO {AUDIT_LOG} - Initiator=wso2.system.user Action=Get-User-Claim-Values Target=admin Data={"Claims":{},"Profile":"default"} Outcome=Success
TID: [-1234] [2022-11-28 14:07:28,945]  INFO {AUDIT_LOG} - Initiator=wso2.system.user Action=Get-User-Claim-Values Target=admin Data={"Claims":{},"Profile":"default"} Outcome=Success
TID: [-1234] [2022-11-28 14:07:28,945]  INFO {AUDIT_LOG} - Initiator=wso2.system.user Action=Get-User-Claim-Values Target=admin Data={"Claims":{},"Profile":"default"} Outcome=Success
TID: [-1234] [2022-11-28 14:07:28,950]  INFO {AUDIT_LOG} - Initiator=wso2.system.user Action=Get-User-Claim-Values Target=admin Data={"Claims":{},"Profile":"default"} Outcome=Success
TID: [-1234] [2022-11-28 14:07:28,950]  INFO {AUDIT_LOG} - Initiator=wso2.system.user Action=Get-User-Claim-Values Target=admin Data={"Claims":{},"Profile":"default"} Outcome=Success
TID: [-1234] [2022-11-28 14:07:28,950]  INFO {AUDIT_LOG} - Initiator=wso2.system.user Action=Get-User-Claim-Values Target=admin Data={"Claims":{},"Profile":"default"} Outcome=Success
TID: [-1234] [2022-11-28 14:07:28,964]  INFO {AUDIT_LOG} - Initiator=wso2.system.user Action=Get-User-Claim-Values Target=admin Data={"Claims":{},"Profile":"default"} Outcome=Success
TID: [-1234] [2022-11-28 14:07:28,966]  INFO {AUDIT_LOG} - Initiator=wso2.system.user Action=Get-User-Claim-Values Target=admin Data={"Claims":{},"Profile":"default"} Outcome=Success
TID: [-1234] [2022-11-28 14:07:29,000]  INFO {AUDIT_LOG} - Initiator=wso2.system.user Action=Get-User-Claim-Values Target=admin Data={"Claims":{},"Profile":"default"} Outcome=Success
TID: [-1234] [2022-11-28 14:07:34,159]  INFO {AUDIT_LOG} - Initiator=wso2.system.user Action=Get-User-Claim-Values Target=admin Data={"Claims":{},"Profile":"default"} Outcome=Success
TID: [-1234] [2022-11-28 14:07:34,159]  INFO {AUDIT_LOG} - Initiator=wso2.system.user Action=Get-User-Claim-Values Target=admin Data={"Claims":{},"Profile":"default"} Outcome=Success
TID: [-1234] [2022-11-28 14:07:34,190]  INFO {AUDIT_LOG} - Initiator=wso2.system.user Action=Get-User-Claim-Values Target=admin Data={"Claims":{},"Profile":"default"} Outcome=Success
TID: [-1234] [2022-11-28 14:07:34,190]  INFO {AUDIT_LOG} - Initiator=wso2.system.user Action=Get-User-Claim-Values Target=admin Data={"Claims":{},"Profile":"default"} Outcome=Success
TID: [-1234] [2022-11-28 14:07:34,197]  INFO {AUDIT_LOG} - Initiator=wso2.system.user Action=Get-User-Claim-Values Target=admin Data={"Claims":{},"Profile":"default"} Outcome=Success
TID: [-1234] [2022-11-28 14:07:34,197]  INFO {AUDIT_LOG} - Initiator=wso2.system.user Action=Get-User-Claim-Values Target=admin Data={"Claims":{},"Profile":"default"} Outcome=Success
TID: [-1234] [2022-11-28 14:07:34,199]  INFO {AUDIT_LOG} - Initiator=wso2.system.user Action=Get-User-Claim-Values Target=admin Data={"Claims":{},"Profile":"default"} Outcome=Success
TID: [-1234] [2022-11-28 14:07:34,201]  INFO {AUDIT_LOG} - Initiator=wso2.system.user Action=Get-User-Claim-Values Target=admin Data={"Claims":{},"Profile":"default"} Outcome=Success
TID: [-1234] [2022-11-28 14:07:34,298]  INFO {AUDIT_LOG} - Initiator=wso2.system.user Action=Get-Roles-of-User Target=admin Data={"Filter":"*","Roles":["Internal/subscriber","Application/admin_0550c906-ee9e-4c2a-b482-0eee061314ca_SANDBOX","Internal/creator","Application/apim_devportal","Internal/publisher","Internal/everyone","Internal/devops","admin","Internal/analytics","Internal/observer","Application/apim_publisher","Internal/integration_dev"]} Outcome=Success
TID: [-1234] [2022-11-28 14:08:23,807]  INFO {AUDIT_LOG} - Initiator=wso2.system.user Action=Get-User-Claim-Values Target=admin Data={"Claims":{},"Profile":"default"} Outcome=Success
TID: [-1234] [2022-11-28 14:08:29,014]  INFO {AUDIT_LOG} - Initiator=wso2.system.user Action=Get-User-Claim-Values Target=admin Data={"Claims":{},"Profile":"default"} Outcome=Success
TID: [-1234] [2022-11-28 14:10:38,994]  INFO {AUDIT_LOG} - Initiator=wso2.system.user Action=Get-User-Claim-Values Target=admin Data={"ServiceProviderName":"apim_devportal","Claims":{"http://wso2.org/claims/username":"admin","http://wso2.org/claims/userid":"37b8f14e-9921-4597-9119-6f234488d57d","http://wso2.org/claims/role":"Internal/subscriber,Application/admin_0550c906-ee9e-4c2a-b482-0eee061314ca_SANDBOX,Internal/creator,Application/apim_devportal,Internal/publisher,Internal/everyone,Internal/devops,admin,Internal/analytics,Internal/observer,Application/apim_publisher,Internal/integration_dev","http://wso2.org/claims/userprincipal":"admin"}} Outcome=Success
TID: [-1234] [2022-11-28 14:10:39,109]  INFO {AUDIT_LOG} - Initiator : admin | Action : Login | Target : ApplicationAuthenticationFramework | Data : { "ContextIdentifier" : "48d64030-b486-4d17-a396-e904ed4e5588","AuthenticatedUser" : "admin","AuthenticatedUserTenantDomain" : "carbon.super","ServiceProviderName" : "apim_devportal","RequestType" : "oidc","RelyingParty" : "TT3VKGwBcWnplj58Qz3Spr_lefka","AuthenticatedIdPs" : "eyJ0eXAiOiJKV1QiLCAiYWxnIjoiSFMyNTYifQ==.eyJpc3MiOiJ3c28yIiwiZXhwIjoxNjY5NjQxMDM4OTg3MzAwMCwiaWF0IjoxNjY5NjQxMDM4OTg3LCJpZHBzIjpbeyJpZHAiOiJMT0NBTCIsImF1dGhlbnRpY2F0b3IiOiJCYXNpY0F1dGhlbnRpY2F0b3IifV19.EZkncHKSQEnYqegR/YjybwNgSSU=","User Agent" : "null","RemoteAddress" : "null","UserStoreDomain" : "PRIMARY" } | Result : Success 
TID: [-1234] [2022-11-28 14:10:40,330]  INFO {AUDIT_LOG} - Initiator=wso2.system.user Action=Get-User-Claim-Values Target=admin Data={"Claims":{},"Profile":"default"} Outcome=Success
TID: [-1234] [2022-11-28 14:20:29,396]  INFO {AUDIT_LOG} - {"performedBy":"admin","action":"created","typ":"API","info":"{"provider":"admin","name":"cycling_stats","context":"\/cycling_stats\/1.0","version":"1.0"}"}
TID: [-1234] [2022-11-28 14:20:29,408]  INFO {AUDIT_LOG} - Initiator=wso2.system.user Action=Get-User-Claim-Values Target=admin Data={"Claims":{},"Profile":"default"} Outcome=Success
TID: [-1234] [2022-11-28 14:20:34,399]  INFO {AUDIT_LOG} - Initiator=wso2.system.user Action=Get-User-Claim-Values Target=admin Data={"Claims":{},"Profile":"default"} Outcome=Success
TID: [-1234] [2022-11-28 14:20:34,674]  INFO {AUDIT_LOG} - Initiator=wso2.system.user Action=Get-User-Claim-Values Target=admin Data={"Claims":{},"Profile":"default"} Outcome=Success
TID: [-1234] [2022-11-28 14:20:35,044]  INFO {AUDIT_LOG} - Initiator=wso2.system.user Action=Get-User-Claim-Values Target=admin Data={"Claims":{},"Profile":"default"} Outcome=Success
TID: [-1234] [2022-11-28 14:20:35,160]  INFO {AUDIT_LOG} - Initiator=wso2.system.user Action=Get-User-Claim-Values Target=admin Data={"Claims":{},"Profile":"default"} Outcome=Success
TID: [-1234] [2022-11-28 14:20:40,195]  INFO {AUDIT_LOG} - Initiator=wso2.system.user Action=Get-User-Claim-Values Target=admin Data={"Claims":{},"Profile":"default"} Outcome=Success
TID: [-1234] [2022-11-28 14:20:40,329]  INFO {AUDIT_LOG} - Initiator=wso2.system.user Action=Get-User-Claim-Values Target=admin Data={"Claims":{},"Profile":"default"} Outcome=Success
TID: [-1234] [2022-11-28 14:32:46,375]  INFO {AUDIT_LOG} - {"performedBy":"admin","action":"updated","typ":"API","info":"{"provider":"admin","name":"cycling_stats","context":"\/cycling_stats\/1.0","version":"1.0"}"}
TID: [-1234] [2022-11-28 14:32:51,376]  INFO {AUDIT_LOG} - Initiator=wso2.system.user Action=Get-User-Claim-Values Target=admin Data={"Claims":{},"Profile":"default"} Outcome=Success
TID: [-1234] [2022-11-28 14:32:51,385]  INFO {AUDIT_LOG} - Initiator=wso2.system.user Action=Get-Roles-of-User Target=admin Data={"Filter":"*","Roles":["Internal/subscriber","Application/admin_0550c906-ee9e-4c2a-b482-0eee061314ca_SANDBOX","Internal/creator","Application/apim_devportal","Internal/publisher","Internal/everyone","Internal/devops","admin","Internal/analytics","Internal/observer","Application/apim_publisher","Internal/integration_dev"]} Outcome=Success
TID: [-1234] [2022-11-28 14:32:51,679]  INFO {AUDIT_LOG} - Initiator=wso2.system.user Action=Get-User-Claim-Values Target=admin Data={"Claims":{},"Profile":"default"} Outcome=Success
TID: [-1234] [2022-11-28 14:34:32,405]  INFO {AUDIT_LOG} - {"performedBy":"admin","action":"updated","typ":"API","info":"{"provider":"admin","name":"cycling_stats","context":"\/cycling_stats\/1.0","version":"1.0"}"}
TID: [-1234] [2022-11-28 14:34:37,426]  INFO {AUDIT_LOG} - Initiator=wso2.system.user Action=Get-User-Claim-Values Target=admin Data={"Claims":{},"Profile":"default"} Outcome=Success
TID: [-1234] [2022-11-28 14:34:38,335]  INFO {AUDIT_LOG} - Initiator=wso2.system.user Action=Get-User-Claim-Values Target=admin Data={"Claims":{},"Profile":"default"} Outcome=Success
TID: [-1234] [2022-11-28 14:34:40,019]  INFO {AUDIT_LOG} - {"performedBy":"admin","action":"updated","typ":"API","info":"{"provider":"admin","name":"cycling_stats","context":"\/cycling_stats\/1.0","version":"1.0"}"}
TID: [-1234] [2022-11-28 14:34:40,421]  INFO {AUDIT_LOG} - Initiator=wso2.system.user Action=Get-User-Claim-Values Target=admin Data={"Claims":{},"Profile":"default"} Outcome=Success
TID: [-1234] [2022-11-28 14:35:11,399]  INFO {AUDIT_LOG} - {"performedBy":"admin","action":"updated","typ":"API","info":"{"provider":"admin","name":"cycling_stats","context":"\/cycling_stats\/1.0","version":"1.0"}"}
TID: [-1234] [2022-11-28 14:35:16,387]  INFO {AUDIT_LOG} - Initiator=wso2.system.user Action=Get-User-Claim-Values Target=admin Data={"Claims":{},"Profile":"default"} Outcome=Success
TID: [-1234] [2022-11-28 14:35:16,595]  INFO {AUDIT_LOG} - Initiator=wso2.system.user Action=Get-User-Claim-Values Target=admin Data={"Claims":{},"Profile":"default"} Outcome=Success
TID: [-1234] [2022-11-28 14:35:49,279]  INFO {AUDIT_LOG} - {"performedBy":"admin","action":"updated","typ":"API","info":"{"provider":"admin","name":"cycling_stats","context":"\/cycling_stats\/1.0","version":"1.0"}"}
TID: [-1234] [2022-11-28 14:35:54,272]  INFO {AUDIT_LOG} - Initiator=wso2.system.user Action=Get-User-Claim-Values Target=admin Data={"Claims":{},"Profile":"default"} Outcome=Success
TID: [-1234] [2022-11-28 14:35:54,884]  INFO {AUDIT_LOG} - Initiator=wso2.system.user Action=Get-User-Claim-Values Target=admin Data={"Claims":{},"Profile":"default"} Outcome=Success
TID: [-1234] [2022-11-28 14:38:04,086]  INFO {AUDIT_LOG} - {"performedBy":"admin","action":"updated","typ":"API","info":"{"provider":"admin","name":"cycling_stats","context":"\/cycling_stats\/1.0","version":"1.0"}"}
TID: [-1234] [2022-11-28 14:38:09,133]  INFO {AUDIT_LOG} - Initiator=wso2.system.user Action=Get-User-Claim-Values Target=admin Data={"Claims":{},"Profile":"default"} Outcome=Success
TID: [-1234] [2022-11-28 14:38:09,742]  INFO {AUDIT_LOG} - Initiator=wso2.system.user Action=Get-User-Claim-Values Target=admin Data={"Claims":{},"Profile":"default"} Outcome=Success
TID: [-1234] [2022-11-28 14:38:51,625]  INFO {AUDIT_LOG} - {"performedBy":"admin","action":"updated","typ":"API","info":"{"provider":"admin","name":"cycling_stats","context":"\/cycling_stats\/1.0","version":"1.0"}"}
TID: [-1234] [2022-11-28 14:38:56,633]  INFO {AUDIT_LOG} - Initiator=wso2.system.user Action=Get-User-Claim-Values Target=admin Data={"Claims":{},"Profile":"default"} Outcome=Success
TID: [-1234] [2022-11-28 14:38:57,027]  INFO {AUDIT_LOG} - Initiator=wso2.system.user Action=Get-User-Claim-Values Target=admin Data={"Claims":{},"Profile":"default"} Outcome=Success
TID: [-1234] [2022-11-28 14:39:45,289]  INFO {AUDIT_LOG} - {"performedBy":"admin","action":"updated","typ":"API","info":"{"provider":"admin","name":"cycling_stats","context":"\/cycling_stats\/1.0","version":"1.0"}"}
TID: [-1234] [2022-11-28 14:39:50,294]  INFO {AUDIT_LOG} - Initiator=wso2.system.user Action=Get-User-Claim-Values Target=admin Data={"Claims":{},"Profile":"default"} Outcome=Success
TID: [-1234] [2022-11-28 14:39:51,338]  INFO {AUDIT_LOG} - Initiator=wso2.system.user Action=Get-User-Claim-Values Target=admin Data={"Claims":{},"Profile":"default"} Outcome=Success
TID: [-1234] [2022-11-28 14:40:06,821]  INFO {AUDIT_LOG} - Initiator=wso2.system.user Action=Get-User-Claim-Values Target=admin Data={"Claims":{},"Profile":"default"} Outcome=Success
TID: [-1234] [2022-11-28 14:43:24,019]  INFO {AUDIT_LOG} - {"performedBy":"admin","action":"updated","typ":"API","info":"{"provider":"admin","name":"cycling_stats","context":"\/cycling_stats\/1.0","version":"1.0"}"}
TID: [-1234] [2022-11-28 14:43:29,034]  INFO {AUDIT_LOG} - Initiator=wso2.system.user Action=Get-User-Claim-Values Target=admin Data={"Claims":{},"Profile":"default"} Outcome=Success
TID: [-1234] [2022-11-28 14:43:29,715]  INFO {AUDIT_LOG} - Initiator=wso2.system.user Action=Get-User-Claim-Values Target=admin Data={"Claims":{},"Profile":"default"} Outcome=Success
TID: [-1234] [2022-11-28 14:48:29,994]  INFO {AUDIT_LOG} - {"performedBy":"admin","action":"created","typ":"Application","info":"{"owner":"admin","tier":"Unlimited","name":"cycling_stats","groups":null,"callbackURL":null}"}
TID: [-1234] [2022-11-28 14:48:31,403]  INFO {AUDIT_LOG} - {"performedBy":"admin","action":"created","typ":"Subscription","info":"{"application_name":"cycling_stats","tier":"Unlimited","provider":"admin","api_name":"cycling_stats","application_id":3}"}
TID: [-1234] [2022-11-28 14:48:34,992]  INFO {AUDIT_LOG} - Initiator=wso2.system.user Action=Get-User-Claim-Values Target=admin Data={"Claims":{},"Profile":"default"} Outcome=Success
TID: [-1234] [2022-11-28 14:48:34,999]  INFO {AUDIT_LOG} - Initiator=wso2.system.user Action=Get-Roles-of-User Target=admin Data={"Filter":"*","Roles":["Internal/subscriber","Application/admin_0550c906-ee9e-4c2a-b482-0eee061314ca_SANDBOX","Internal/creator","Application/apim_devportal","Internal/publisher","Internal/everyone","Internal/devops","admin","Internal/analytics","Internal/observer","Application/apim_publisher","Internal/integration_dev"]} Outcome=Success
TID: [-1234] [2022-11-28 14:48:36,375]  INFO {AUDIT_LOG} - Initiator=wso2.system.user Action=Get-User-Claim-Values Target=admin Data={"Claims":{},"Profile":"default"} Outcome=Success
TID: [-1234] [2022-11-28 14:48:50,419]  INFO {AUDIT_LOG} - Initiator=wso2.system.user Action=Get-User-Claim-Values Target=admin Data={"Claims":{},"Profile":"default"} Outcome=Success
TID: [-1234] [2022-11-28 14:48:50,988]  WARN {AUDIT_LOG} - Initiator=admin@carbon.super Action=Add-Role Target=Application/admin_a5a8269a-9117-4a77-b9f9-40f799f44201_SANDBOX Data={"UserName":"admin","Users":["37b8f14e-9921-4597-9119-6f234488d57d"]} Outcome=Success
TID: [-1234] [2022-11-28 14:48:50,991]  INFO {AUDIT_LOG} - Initiator : admin@carbon.super | Action : create | Target : 5 | Data : { admin_a5a8269a-9117-4a77-b9f9-40f799f44201_SANDBOX } | Result : Success 
TID: [-1234] [2022-11-28 14:48:51,022]  INFO {AUDIT_LOG} - Initiator : admin@carbon.super | Action : update | Target : 5 | Data : { admin_a5a8269a-9117-4a77-b9f9-40f799f44201_SANDBOX } | Result : Success 
TID: [-1234] [2022-11-28 14:48:51,111]  INFO {AUDIT_LOG} - Initiator=wso2.system.user Action=Get-Roles-of-User Target=admin Data={"Filter":"*","Roles":["Application/admin_0550c906-ee9e-4c2a-b482-0eee061314ca_SANDBOX","Internal/everyone","admin","Application/apim_publisher","Internal/integration_dev","Application/admin_a5a8269a-9117-4a77-b9f9-40f799f44201_SANDBOX","Internal/subscriber","Internal/creator","Application/apim_devportal","Internal/publisher","Internal/devops","Internal/analytics","Internal/observer"]} Outcome=Success
TID: [-1234] [2022-11-28 14:48:51,120]  INFO {AUDIT_LOG} - {"performedBy":"admin","action":"updated","typ":"Application","info":"{"Generated keys for application":"cycling_stats"}"}
TID: [-1234] [2022-11-28 14:48:53,294]  INFO {AUDIT_LOG} - {"performedBy":"admin","action":"updated","typ":"Application","info":"{"Re-Generated Keys for application with client Id":"fbnFGKAWlDUrD4LwjfCqa3wbFEEa"}"}
TID: [-1234] [2022-11-28 14:48:53,327]  INFO {AUDIT_LOG} - Initiator=wso2.system.user Action=Get-User-Claim-Values Target=admin Data={"Claims":{},"Profile":"default"} Outcome=Success
TID: [-1234] [2022-11-28 14:48:56,079]  INFO {AUDIT_LOG} - Initiator=wso2.system.user Action=Get-User-Claim-Values Target=admin Data={"Claims":{},"Profile":"default"} Outcome=Success
TID: [-1234] [2022-11-28 14:48:58,270]  INFO {AUDIT_LOG} - Initiator=wso2.system.user Action=Get-User-Claim-Values Target=admin Data={"Claims":{},"Profile":"default"} Outcome=Success
TID: [-1234] [2022-11-28 14:49:10,245]  INFO {AUDIT_LOG} - {"performedBy":"admin","action":"created","typ":"Subscription","info":"{"application_name":"stages","tier":"Unlimited","provider":"admin","api_name":"cycling_stats","application_id":2}"}
TID: [-1234] [2022-11-28 14:49:15,212]  INFO {AUDIT_LOG} - Initiator=wso2.system.user Action=Get-User-Claim-Values Target=admin Data={"Claims":{},"Profile":"default"} Outcome=Success
TID: [-1234] [2022-11-28 14:49:19,601]  INFO {AUDIT_LOG} - {"performedBy":"admin","action":"updated","typ":"Application","info":"{"Re-Generated Keys for application with client Id":"fbnFGKAWlDUrD4LwjfCqa3wbFEEa"}"}
TID: [-1234] [2022-11-28 14:49:19,626]  INFO {AUDIT_LOG} - Initiator=wso2.system.user Action=Get-User-Claim-Values Target=admin Data={"Claims":{},"Profile":"default"} Outcome=Success
TID: [-1234] [2022-11-28 14:49:24,575]  INFO {AUDIT_LOG} - Initiator=wso2.system.user Action=Get-User-Claim-Values Target=admin Data={"Claims":{},"Profile":"default"} Outcome=Success
TID: [-1234] [2022-11-28 15:01:43,519]  INFO {AUDIT_LOG} - {"performedBy":"admin","action":"updated","typ":"API","info":"{"provider":"admin","name":"cycling_stats","context":"\/cycling_stats\/1.0","version":"1.0"}"}
TID: [-1234] [2022-11-28 15:01:43,558]  INFO {AUDIT_LOG} - Initiator=wso2.system.user Action=Get-User-Claim-Values Target=admin Data={"Claims":{},"Profile":"default"} Outcome=Success
TID: [-1234] [2022-11-28 15:01:48,533]  INFO {AUDIT_LOG} - Initiator=wso2.system.user Action=Get-User-Claim-Values Target=admin Data={"Claims":{},"Profile":"default"} Outcome=Success
TID: [-1234] [2022-11-28 15:01:49,649]  INFO {AUDIT_LOG} - Initiator=wso2.system.user Action=Get-User-Claim-Values Target=admin Data={"Claims":{},"Profile":"default"} Outcome=Success
TID: [-1234] [2022-11-28 15:02:15,727]  INFO {AUDIT_LOG} - Initiator=admin@carbon.super Action=Get-User-Claim-Values Target=admin Data={"Claims":{"http://wso2.org/claims/username":"admin","http://wso2.org/claims/userid":"37b8f14e-9921-4597-9119-6f234488d57d","http://wso2.org/claims/role":"Application/admin_0550c906-ee9e-4c2a-b482-0eee061314ca_SANDBOX,Internal/everyone,admin,Application/apim_publisher,Internal/integration_dev,Application/admin_a5a8269a-9117-4a77-b9f9-40f799f44201_SANDBOX,Internal/subscriber,Internal/creator,Application/apim_devportal,Internal/publisher,Internal/devops,Internal/analytics,Internal/observer","http://wso2.org/claims/userprincipal":"admin"}} Outcome=Success
TID: [-1234] [2022-11-28 15:02:15,727]  INFO {AUDIT_LOG} - Initiator=admin@carbon.super Action=Get-User-Claim-Values Target=admin Data={"Claims":{"http://wso2.org/claims/username":"admin","http://wso2.org/claims/userid":"37b8f14e-9921-4597-9119-6f234488d57d","http://wso2.org/claims/role":"Application/admin_0550c906-ee9e-4c2a-b482-0eee061314ca_SANDBOX,Internal/everyone,admin,Application/apim_publisher,Internal/integration_dev,Application/admin_a5a8269a-9117-4a77-b9f9-40f799f44201_SANDBOX,Internal/subscriber,Internal/creator,Application/apim_devportal,Internal/publisher,Internal/devops,Internal/analytics,Internal/observer","http://wso2.org/claims/userprincipal":"admin"}} Outcome=Success
TID: [-1234] [2022-11-28 15:04:37,214]  INFO {AUDIT_LOG} - {"performedBy":"admin","action":"updated","typ":"API","info":"{"provider":"admin","name":"cycling_stats","context":"\/cycling_stats\/1.0","version":"1.0"}"}
TID: [-1234] [2022-11-28 15:04:42,230]  INFO {AUDIT_LOG} - Initiator=wso2.system.user Action=Get-User-Claim-Values Target=admin Data={"Claims":{},"Profile":"default"} Outcome=Success
TID: [-1234] [2022-11-28 15:04:42,240]  INFO {AUDIT_LOG} - Initiator=wso2.system.user Action=Get-Roles-of-User Target=admin Data={"Filter":"*","Roles":["Application/admin_0550c906-ee9e-4c2a-b482-0eee061314ca_SANDBOX","Internal/everyone","admin","Application/apim_publisher","Internal/integration_dev","Application/admin_a5a8269a-9117-4a77-b9f9-40f799f44201_SANDBOX","Internal/subscriber","Internal/creator","Application/apim_devportal","Internal/publisher","Internal/devops","Internal/analytics","Internal/observer"]} Outcome=Success
TID: [-1234] [2022-11-28 15:04:43,092]  INFO {AUDIT_LOG} - Initiator=wso2.system.user Action=Get-User-Claim-Values Target=admin Data={"Claims":{},"Profile":"default"} Outcome=Success
TID: [-1234] [2022-11-28 15:12:01,877]  INFO {AUDIT_LOG} - Initiator=wso2.system.user Action=Get-User-Claim-Values Target=admin Data={"Claims":{},"Profile":"default"} Outcome=Success
TID: [-1234] [2022-11-28 15:12:06,828]  INFO {AUDIT_LOG} - Initiator=wso2.system.user Action=Get-User-Claim-Values Target=admin Data={"Claims":{},"Profile":"default"} Outcome=Success
TID: [-1234] [2022-11-28 16:53:45,384]  INFO {AUDIT_LOG} - Initiator=wso2.system.user Action=Get-Roles-of-User Target=admin Data={"UserName":"admin","Filter":"*","Roles":["Application/admin_0550c906-ee9e-4c2a-b482-0eee061314ca_SANDBOX","Internal/everyone","admin","Application/apim_publisher","Internal/integration_dev","Application/admin_a5a8269a-9117-4a77-b9f9-40f799f44201_SANDBOX","Internal/subscriber","Internal/creator","Application/apim_devportal","Internal/publisher","Internal/devops","Internal/analytics","Internal/observer"]} Outcome=Success
TID: [-1234] [2022-11-28 16:53:45,417]  INFO {AUDIT_LOG} - Initiator=wso2.system.user Action=Get-User-Claim-Values Target=admin Data={"Claims":{},"Profile":"default"} Outcome=Success
TID: [-1234] [2022-11-28 16:53:50,485]  INFO {AUDIT_LOG} - Initiator=wso2.system.user Action=Get-User-Claim-Values Target=admin Data={"Claims":{},"Profile":"default"} Outcome=Success
TID: [-1234] [2022-11-28 16:58:49,085]  INFO {AUDIT_LOG} - {"performedBy":"admin","action":"updated","typ":"API","info":"{"provider":"admin","name":"cycling_stats","context":"\/cycling_stats\/1.0","version":"1.0"}"}
TID: [-1234] [2022-11-28 16:58:49,127]  INFO {AUDIT_LOG} - Initiator=wso2.system.user Action=Get-User-Claim-Values Target=admin Data={"Claims":{},"Profile":"default"} Outcome=Success
TID: [-1234] [2022-11-28 16:58:54,141]  INFO {AUDIT_LOG} - Initiator=wso2.system.user Action=Get-User-Claim-Values Target=admin Data={"Claims":{},"Profile":"default"} Outcome=Success
TID: [-1234] [2022-11-28 16:58:55,126]  INFO {AUDIT_LOG} - Initiator=wso2.system.user Action=Get-User-Claim-Values Target=admin Data={"Claims":{},"Profile":"default"} Outcome=Success
TID: [-1234] [2022-11-28 16:58:57,353]  INFO {AUDIT_LOG} - Initiator=wso2.system.user Action=Get-User-Claim-Values Target=admin Data={"ServiceProviderName":"apim_devportal","Claims":{},"Profile":"default"} Outcome=Success
TID: [-1234] [2022-11-28 16:59:02,344]  INFO {AUDIT_LOG} - Initiator=wso2.system.user Action=Get-User-Claim-Values Target=admin Data={"Claims":{},"Profile":"default"} Outcome=Success
TID: [-1234] [2022-11-28 16:59:34,501]  INFO {AUDIT_LOG} - {"performedBy":"admin","action":"updated","typ":"API","info":"{"provider":"admin","name":"cycling_stats","context":"\/cycling_stats\/1.0","version":"1.0"}"}
TID: [-1234] [2022-11-28 16:59:39,508]  INFO {AUDIT_LOG} - Initiator=wso2.system.user Action=Get-User-Claim-Values Target=admin Data={"Claims":{},"Profile":"default"} Outcome=Success
TID: [-1234] [2022-11-28 16:59:40,508]  INFO {AUDIT_LOG} - Initiator=wso2.system.user Action=Get-User-Claim-Values Target=admin Data={"Claims":{},"Profile":"default"} Outcome=Success
TID: [-1234] [2022-11-28 16:59:42,603]  INFO {AUDIT_LOG} - {"performedBy":"admin","action":"updated","typ":"Application","info":"{"Re-Generated Keys for application with client Id":"fbnFGKAWlDUrD4LwjfCqa3wbFEEa"}"}
TID: [-1234] [2022-11-28 16:59:42,622]  INFO {AUDIT_LOG} - Initiator=wso2.system.user Action=Get-User-Claim-Values Target=admin Data={"Claims":{},"Profile":"default"} Outcome=Success
TID: [-1234] [2022-11-28 16:59:47,591]  INFO {AUDIT_LOG} - Initiator=wso2.system.user Action=Get-User-Claim-Values Target=admin Data={"Claims":{},"Profile":"default"} Outcome=Success
TID: [-1234] [2022-11-28 17:05:47,980]  INFO {AUDIT_LOG} - {"performedBy":"admin","action":"updated","typ":"API","info":"{"provider":"admin","name":"cycling_stats","context":"\/cycling_stats\/1.0","version":"1.0"}"}
TID: [-1234] [2022-11-28 17:05:52,996]  INFO {AUDIT_LOG} - Initiator=wso2.system.user Action=Get-User-Claim-Values Target=admin Data={"Claims":{},"Profile":"default"} Outcome=Success
TID: [-1234] [2022-11-28 17:05:53,865]  INFO {AUDIT_LOG} - Initiator=wso2.system.user Action=Get-User-Claim-Values Target=admin Data={"Claims":{},"Profile":"default"} Outcome=Success
TID: [-1234] [2022-11-28 18:30:12,164]  INFO {AUDIT_LOG} - Initiator=wso2.system.user Action=Get-Roles-of-User Target=admin Data={"Filter":"*","Roles":["Application/admin_0550c906-ee9e-4c2a-b482-0eee061314ca_SANDBOX","Internal/everyone","admin","Application/apim_publisher","Internal/integration_dev","Application/admin_a5a8269a-9117-4a77-b9f9-40f799f44201_SANDBOX","Internal/subscriber","Internal/creator","Application/apim_devportal","Internal/publisher","Internal/devops","Internal/analytics","Internal/observer"]} Outcome=Success
TID: [-1234] [2022-11-28 18:30:18,258]  INFO {AUDIT_LOG} - Initiator=wso2.system.user Action=Get-User-Claim-Values Target=admin Data={"Claims":{},"Profile":"default"} Outcome=Success
TID: [-1234] [2022-11-28 18:30:18,298]  INFO {AUDIT_LOG} - Initiator=wso2.system.user Action=Get-User-Claim-Values Target=admin Data={"Claims":{},"Profile":"default"} Outcome=Success
TID: [-1234] [2022-11-28 18:30:18,306]  INFO {AUDIT_LOG} - Initiator=wso2.system.user Action=Get-User-Claim-Values Target=admin Data={"Claims":{},"Profile":"default"} Outcome=Success
TID: [-1234] [2022-11-28 18:30:18,331]  INFO {AUDIT_LOG} - Initiator=wso2.system.user Action=Get-User-Claim-Values Target=admin Data={"Claims":{},"Profile":"default"} Outcome=Success
TID: [-1234] [2022-11-28 18:30:18,331]  INFO {AUDIT_LOG} - Initiator=wso2.system.user Action=Get-User-Claim-Values Target=admin Data={"Claims":{},"Profile":"default"} Outcome=Success
TID: [-1234] [2022-11-28 18:30:18,331]  INFO {AUDIT_LOG} - Initiator=wso2.system.user Action=Get-User-Claim-Values Target=admin Data={"Claims":{},"Profile":"default"} Outcome=Success
TID: [-1234] [2022-11-28 18:30:18,331]  INFO {AUDIT_LOG} - Initiator=wso2.system.user Action=Get-User-Claim-Values Target=admin Data={"Claims":{},"Profile":"default"} Outcome=Success
TID: [-1234] [2022-11-28 18:30:18,355]  INFO {AUDIT_LOG} - Initiator=wso2.system.user Action=Get-User-Claim-Values Target=admin Data={"Claims":{},"Profile":"default"} Outcome=Success
TID: [-1234] [2022-11-28 21:20:21,088]  INFO {AUDIT_LOG} - Initiator=wso2.system.user Action=Get-User-Claim-Values Target=admin Data={"Claims":{},"Profile":"default"} Outcome=Success
TID: [-1234] [2022-11-28 21:20:21,088]  INFO {AUDIT_LOG} - Initiator=wso2.system.user Action=Get-User-Claim-Values Target=admin Data={"Claims":{},"Profile":"default"} Outcome=Success
TID: [-1234] [2022-11-28 21:20:21,088]  INFO {AUDIT_LOG} - Initiator=wso2.system.user Action=Get-User-Claim-Values Target=admin Data={"Claims":{},"Profile":"default"} Outcome=Success
TID: [-1234] [2022-11-28 21:20:21,088]  INFO {AUDIT_LOG} - Initiator=wso2.system.user Action=Get-User-Claim-Values Target=admin Data={"Claims":{},"Profile":"default"} Outcome=Success
TID: [-1234] [2022-11-28 21:20:21,088]  INFO {AUDIT_LOG} - Initiator=wso2.system.user Action=Get-User-Claim-Values Target=admin Data={"Claims":{},"Profile":"default"} Outcome=Success
TID: [-1234] [2022-11-28 21:20:21,088]  INFO {AUDIT_LOG} - Initiator=wso2.system.user Action=Get-User-Claim-Values Target=admin Data={"Claims":{},"Profile":"default"} Outcome=Success
TID: [-1234] [2022-11-28 21:20:21,088]  INFO {AUDIT_LOG} - Initiator=wso2.system.user Action=Get-User-Claim-Values Target=admin Data={"Claims":{},"Profile":"default"} Outcome=Success
TID: [-1234] [2022-11-28 21:20:21,088]  INFO {AUDIT_LOG} - Initiator=wso2.system.user Action=Get-User-Claim-Values Target=admin Data={"Claims":{},"Profile":"default"} Outcome=Success
TID: [-1234] [2022-11-28 21:20:21,088]  INFO {AUDIT_LOG} - Initiator=wso2.system.user Action=Get-User-Claim-Values Target=admin Data={"Claims":{},"Profile":"default"} Outcome=Success
TID: [-1234] [2022-11-28 21:20:21,088]  INFO {AUDIT_LOG} - Initiator=wso2.system.user Action=Get-User-Claim-Values Target=admin Data={"Claims":{},"Profile":"default"} Outcome=Success
TID: [-1234] [2022-11-28 21:20:21,088]  INFO {AUDIT_LOG} - Initiator=wso2.system.user Action=Get-User-Claim-Values Target=admin Data={"Claims":{},"Profile":"default"} Outcome=Success
TID: [-1234] [2022-11-28 21:20:21,088]  INFO {AUDIT_LOG} - Initiator=wso2.system.user Action=Get-User-Claim-Values Target=admin Data={"Claims":{},"Profile":"default"} Outcome=Success
TID: [-1234] [2022-11-28 21:20:21,088]  INFO {AUDIT_LOG} - Initiator=wso2.system.user Action=Get-User-Claim-Values Target=admin Data={"Claims":{},"Profile":"default"} Outcome=Success
TID: [-1234] [2022-11-28 21:20:21,093]  INFO {AUDIT_LOG} - Initiator=wso2.system.user Action=Get-User-Claim-Values Target=admin Data={"Claims":{},"Profile":"default"} Outcome=Success
TID: [-1234] [2022-11-28 21:20:21,093]  INFO {AUDIT_LOG} - Initiator=wso2.system.user Action=Get-User-Claim-Values Target=admin Data={"Claims":{},"Profile":"default"} Outcome=Success
TID: [-1234] [2022-11-28 21:20:21,093]  INFO {AUDIT_LOG} - Initiator=wso2.system.user Action=Get-User-Claim-Values Target=admin Data={"Claims":{},"Profile":"default"} Outcome=Success
TID: [-1234] [2022-11-28 21:20:22,375]  INFO {AUDIT_LOG} - Initiator=wso2.system.user Action=Get-User-Claim-Values Target=admin Data={"Claims":{},"Profile":"default"} Outcome=Success
TID: [-1234] [2022-11-28 21:20:22,478]  INFO {AUDIT_LOG} - Initiator=wso2.system.user Action=Get-User-Claim-Values Target=admin Data={"Claims":{},"Profile":"default"} Outcome=Success
TID: [-1234] [2022-11-28 21:20:22,685]  INFO {AUDIT_LOG} - Initiator=wso2.system.user Action=Get-User-Claim-Values Target=admin Data={"Claims":{},"Profile":"default"} Outcome=Success
TID: [-1234] [2022-11-28 21:20:23,236]  INFO {AUDIT_LOG} - Initiator=wso2.system.user Action=Get-User-Claim-Values Target=admin Data={"Claims":{},"Profile":"default"} Outcome=Success
TID: [-1234] [2022-11-28 21:20:23,435]  INFO {AUDIT_LOG} - Initiator=wso2.system.user Action=Get-User-Claim-Values Target=admin Data={"Claims":{},"Profile":"default"} Outcome=Success
TID: [-1234] [2022-11-28 21:20:23,657]  INFO {AUDIT_LOG} - Initiator=wso2.system.user Action=Get-User-Claim-Values Target=admin Data={"Claims":{},"Profile":"default"} Outcome=Success
TID: [-1234] [2022-11-28 21:20:25,311]  INFO {AUDIT_LOG} - Initiator=wso2.system.user Action=Get-User-Claim-Values Target=admin Data={"Claims":{},"Profile":"default"} Outcome=Success
TID: [-1234] [2022-11-28 21:20:25,315]  INFO {AUDIT_LOG} - Initiator=wso2.system.user Action=Get-User-Claim-Values Target=admin Data={"Claims":{},"Profile":"default"} Outcome=Success
TID: [-1234] [2022-11-28 21:20:25,319]  INFO {AUDIT_LOG} - Initiator=wso2.system.user Action=Get-User-Claim-Values Target=admin Data={"Claims":{},"Profile":"default"} Outcome=Success
TID: [-1234] [2022-11-28 21:20:25,325]  INFO {AUDIT_LOG} - Initiator=wso2.system.user Action=Get-User-Claim-Values Target=admin Data={"Claims":{},"Profile":"default"} Outcome=Success
TID: [-1234] [2022-11-28 21:20:25,325]  INFO {AUDIT_LOG} - Initiator=wso2.system.user Action=Get-User-Claim-Values Target=admin Data={"Claims":{},"Profile":"default"} Outcome=Success
TID: [-1234] [2022-11-28 21:20:25,325]  INFO {AUDIT_LOG} - Initiator=wso2.system.user Action=Get-User-Claim-Values Target=admin Data={"Claims":{},"Profile":"default"} Outcome=Success
TID: [-1234] [2022-11-28 21:20:25,325]  INFO {AUDIT_LOG} - Initiator=wso2.system.user Action=Get-User-Claim-Values Target=admin Data={"Claims":{},"Profile":"default"} Outcome=Success
TID: [-1234] [2022-11-28 21:20:25,327]  INFO {AUDIT_LOG} - Initiator=wso2.system.user Action=Get-User-Claim-Values Target=admin Data={"Claims":{},"Profile":"default"} Outcome=Success
TID: [-1234] [2022-11-28 21:20:30,478]  INFO {AUDIT_LOG} - Initiator=wso2.system.user Action=Get-User-Claim-Values Target=admin Data={"Claims":{},"Profile":"default"} Outcome=Success
TID: [-1234] [2022-11-28 21:20:30,478]  INFO {AUDIT_LOG} - Initiator=wso2.system.user Action=Get-User-Claim-Values Target=admin Data={"Claims":{},"Profile":"default"} Outcome=Success
TID: [-1234] [2022-11-28 21:20:30,530]  INFO {AUDIT_LOG} - Initiator=wso2.system.user Action=Get-User-Claim-Values Target=admin Data={"Claims":{},"Profile":"default"} Outcome=Success
TID: [-1234] [2022-11-28 21:20:30,530]  INFO {AUDIT_LOG} - Initiator=wso2.system.user Action=Get-User-Claim-Values Target=admin Data={"Claims":{},"Profile":"default"} Outcome=Success
TID: [-1234] [2022-11-28 21:20:30,530]  INFO {AUDIT_LOG} - Initiator=wso2.system.user Action=Get-User-Claim-Values Target=admin Data={"Claims":{},"Profile":"default"} Outcome=Success
TID: [-1234] [2022-11-28 21:20:30,530]  INFO {AUDIT_LOG} - Initiator=wso2.system.user Action=Get-User-Claim-Values Target=admin Data={"Claims":{},"Profile":"default"} Outcome=Success
TID: [-1234] [2022-11-28 21:20:30,530]  INFO {AUDIT_LOG} - Initiator=wso2.system.user Action=Get-User-Claim-Values Target=admin Data={"Claims":{},"Profile":"default"} Outcome=Success
TID: [-1234] [2022-11-28 21:20:30,536]  INFO {AUDIT_LOG} - Initiator=wso2.system.user Action=Get-User-Claim-Values Target=admin Data={"Claims":{},"Profile":"default"} Outcome=Success
TID: [-1234] [2022-11-28 21:20:30,706]  INFO {AUDIT_LOG} - Initiator=wso2.system.user Action=Get-Roles-of-User Target=admin Data={"Filter":"*","Roles":["Application/admin_0550c906-ee9e-4c2a-b482-0eee061314ca_SANDBOX","Internal/everyone","admin","Application/apim_publisher","Internal/integration_dev","Application/admin_a5a8269a-9117-4a77-b9f9-40f799f44201_SANDBOX","Internal/subscriber","Internal/creator","Application/apim_devportal","Internal/publisher","Internal/devops","Internal/analytics","Internal/observer"]} Outcome=Success
TID: [-1234] [2022-11-28 21:42:35,668]  INFO {AUDIT_LOG} - Initiator=wso2.system.user Action=Get-Roles-of-User Target=admin Data={"Filter":"*","Roles":["Application/admin_0550c906-ee9e-4c2a-b482-0eee061314ca_SANDBOX","Internal/everyone","admin","Application/apim_publisher","Internal/integration_dev","Application/admin_a5a8269a-9117-4a77-b9f9-40f799f44201_SANDBOX","Internal/subscriber","Internal/creator","Application/apim_devportal","Internal/publisher","Internal/devops","Internal/analytics","Internal/observer"]} Outcome=Success
TID: [-1234] [2022-11-28 21:42:35,837]  INFO {AUDIT_LOG} - Initiator=wso2.system.user Action=Get-User-Claim-Values Target=admin Data={"Claims":{},"Profile":"default"} Outcome=Success
TID: [-1234] [2022-11-28 21:42:41,088]  INFO {AUDIT_LOG} - Initiator=wso2.system.user Action=Get-User-Claim-Values Target=admin Data={"Claims":{},"Profile":"default"} Outcome=Success
TID: [-1234] [2022-11-28 21:43:43,984]  INFO {AUDIT_LOG} - {"performedBy":"admin","action":"updated","typ":"API","info":"{"provider":"admin","name":"cycling_stats","context":"\/cycling_stats\/1.0","version":"1.0"}"}
TID: [-1234] [2022-11-28 21:43:44,078]  INFO {AUDIT_LOG} - Initiator=wso2.system.user Action=Get-User-Claim-Values Target=admin Data={"Claims":{},"Profile":"default"} Outcome=Success
TID: [-1234] [2022-11-28 21:43:49,077]  INFO {AUDIT_LOG} - Initiator=wso2.system.user Action=Get-User-Claim-Values Target=admin Data={"Claims":{},"Profile":"default"} Outcome=Success
TID: [-1234] [2022-11-28 21:43:49,343]  INFO {AUDIT_LOG} - Initiator=wso2.system.user Action=Get-User-Claim-Values Target=admin Data={"Claims":{},"Profile":"default"} Outcome=Success
TID: [-1234] [2022-11-28 21:44:15,688]  INFO {AUDIT_LOG} - {"performedBy":"admin","action":"updated","typ":"API","info":"{"provider":"admin","name":"cycling_stats","context":"\/cycling_stats\/1.0","version":"1.0"}"}
TID: [-1234] [2022-11-28 21:44:20,727]  INFO {AUDIT_LOG} - Initiator=wso2.system.user Action=Get-User-Claim-Values Target=admin Data={"Claims":{},"Profile":"default"} Outcome=Success
TID: [-1234] [2022-11-28 21:44:21,658]  INFO {AUDIT_LOG} - Initiator=wso2.system.user Action=Get-User-Claim-Values Target=admin Data={"Claims":{},"Profile":"default"} Outcome=Success
TID: [-1234] [2022-11-28 21:45:50,567]  INFO {AUDIT_LOG} - {"performedBy":"admin","action":"updated","typ":"API","info":"{"provider":"admin","name":"cycling_stats","context":"\/cycling_stats\/1.0","version":"1.0"}"}
TID: [-1234] [2022-11-28 21:45:55,608]  INFO {AUDIT_LOG} - Initiator=wso2.system.user Action=Get-User-Claim-Values Target=admin Data={"Claims":{},"Profile":"default"} Outcome=Success
TID: [-1234] [2022-11-28 21:45:56,356]  INFO {AUDIT_LOG} - Initiator=wso2.system.user Action=Get-User-Claim-Values Target=admin Data={"Claims":{},"Profile":"default"} Outcome=Success
TID: [-1234] [2022-11-28 21:46:54,533]  INFO {AUDIT_LOG} - {"performedBy":"admin","action":"updated","typ":"API","info":"{"provider":"admin","name":"cycling_stats","context":"\/cycling_stats\/1.0","version":"1.0"}"}
TID: [-1234] [2022-11-28 21:46:59,598]  INFO {AUDIT_LOG} - Initiator=wso2.system.user Action=Get-User-Claim-Values Target=admin Data={"Claims":{},"Profile":"default"} Outcome=Success
TID: [-1234] [2022-11-28 21:47:00,712]  INFO {AUDIT_LOG} - Initiator=wso2.system.user Action=Get-User-Claim-Values Target=admin Data={"Claims":{},"Profile":"default"} Outcome=Success
TID: [-1234] [2022-11-28 21:51:11,638]  INFO {AUDIT_LOG} - {"performedBy":"admin","action":"updated","typ":"API","info":"{"provider":"admin","name":"cycling_stats","context":"\/cycling_stats\/1.0","version":"1.0"}"}
TID: [-1234] [2022-11-28 21:51:16,688]  INFO {AUDIT_LOG} - Initiator=wso2.system.user Action=Get-User-Claim-Values Target=admin Data={"Claims":{},"Profile":"default"} Outcome=Success
TID: [-1234] [2022-11-28 21:51:17,854]  INFO {AUDIT_LOG} - Initiator=wso2.system.user Action=Get-User-Claim-Values Target=admin Data={"Claims":{},"Profile":"default"} Outcome=Success
TID: [-1234] [2022-11-28 21:52:29,144]  INFO {AUDIT_LOG} - {"performedBy":"admin","action":"updated","typ":"API","info":"{"provider":"admin","name":"cycling_stats","context":"\/cycling_stats\/1.0","version":"1.0"}"}
TID: [-1234] [2022-11-28 21:52:37,693]  INFO {AUDIT_LOG} - Initiator=wso2.system.user Action=Get-User-Claim-Values Target=admin Data={"Claims":{},"Profile":"default"} Outcome=Success
TID: [-1234] [2022-11-28 21:52:38,421]  INFO {AUDIT_LOG} - Initiator=wso2.system.user Action=Get-User-Claim-Values Target=admin Data={"Claims":{},"Profile":"default"} Outcome=Success
TID: [-1234] [2022-11-28 21:52:39,386]  INFO {AUDIT_LOG} - Initiator=wso2.system.user Action=Get-User-Claim-Values Target=admin Data={"Claims":{},"Profile":"default"} Outcome=Success
TID: [-1234] [2022-11-28 22:00:48,986]  INFO {AUDIT_LOG} - {"performedBy":"admin","action":"updated","typ":"API","info":"{"provider":"admin","name":"cycling_stats","context":"\/cycling_stats\/1.0","version":"1.0"}"}
TID: [-1234] [2022-11-28 22:00:54,051]  INFO {AUDIT_LOG} - Initiator=wso2.system.user Action=Get-User-Claim-Values Target=admin Data={"Claims":{},"Profile":"default"} Outcome=Success
TID: [-1234] [2022-11-28 22:00:54,067]  INFO {AUDIT_LOG} - Initiator=wso2.system.user Action=Get-Roles-of-User Target=admin Data={"Filter":"*","Roles":["Application/admin_0550c906-ee9e-4c2a-b482-0eee061314ca_SANDBOX","Internal/everyone","admin","Application/apim_publisher","Internal/integration_dev","Application/admin_a5a8269a-9117-4a77-b9f9-40f799f44201_SANDBOX","Internal/subscriber","Internal/creator","Application/apim_devportal","Internal/publisher","Internal/devops","Internal/analytics","Internal/observer"]} Outcome=Success
TID: [-1234] [2022-11-28 22:00:54,278]  INFO {AUDIT_LOG} - Initiator=wso2.system.user Action=Get-User-Claim-Values Target=admin Data={"Claims":{},"Profile":"default"} Outcome=Success
TID: [-1234] [2022-11-28 22:01:01,301]  INFO {AUDIT_LOG} - {"performedBy":"admin","action":"updated","typ":"API","info":"{"provider":"admin","name":"cycling_stats","context":"\/cycling_stats\/1.0","version":"1.0"}"}
TID: [-1234] [2022-11-28 22:01:06,408]  INFO {AUDIT_LOG} - Initiator=wso2.system.user Action=Get-User-Claim-Values Target=admin Data={"Claims":{},"Profile":"default"} Outcome=Success
TID: [-1234] [2022-11-28 22:01:07,313]  INFO {AUDIT_LOG} - Initiator=wso2.system.user Action=Get-User-Claim-Values Target=admin Data={"Claims":{},"Profile":"default"} Outcome=Success
TID: [-1234] [2022-11-28 22:04:42,030]  INFO {AUDIT_LOG} - Initiator=admin@carbon.super Action=Get-User-Claim-Values Target=admin Data={"Claims":{"http://wso2.org/claims/username":"admin","http://wso2.org/claims/userid":"37b8f14e-9921-4597-9119-6f234488d57d","http://wso2.org/claims/role":"Application/admin_0550c906-ee9e-4c2a-b482-0eee061314ca_SANDBOX,Internal/everyone,admin,Application/apim_publisher,Internal/integration_dev,Application/admin_a5a8269a-9117-4a77-b9f9-40f799f44201_SANDBOX,Internal/subscriber,Internal/creator,Application/apim_devportal,Internal/publisher,Internal/devops,Internal/analytics,Internal/observer","http://wso2.org/claims/userprincipal":"admin"}} Outcome=Success
TID: [-1234] [2022-11-28 22:04:42,030]  INFO {AUDIT_LOG} - Initiator=admin@carbon.super Action=Get-User-Claim-Values Target=admin Data={"Claims":{"http://wso2.org/claims/username":"admin","http://wso2.org/claims/userid":"37b8f14e-9921-4597-9119-6f234488d57d","http://wso2.org/claims/role":"Application/admin_0550c906-ee9e-4c2a-b482-0eee061314ca_SANDBOX,Internal/everyone,admin,Application/apim_publisher,Internal/integration_dev,Application/admin_a5a8269a-9117-4a77-b9f9-40f799f44201_SANDBOX,Internal/subscriber,Internal/creator,Application/apim_devportal,Internal/publisher,Internal/devops,Internal/analytics,Internal/observer","http://wso2.org/claims/userprincipal":"admin"}} Outcome=Success
TID: [-1234] [2022-11-28 22:05:06,359]  INFO {AUDIT_LOG} - Initiator=admin@carbon.super Action=Get-User-Claim-Values Target=admin Data={"Claims":{"http://wso2.org/claims/username":"admin","http://wso2.org/claims/userid":"37b8f14e-9921-4597-9119-6f234488d57d","http://wso2.org/claims/role":"Application/admin_0550c906-ee9e-4c2a-b482-0eee061314ca_SANDBOX,Internal/everyone,admin,Application/apim_publisher,Internal/integration_dev,Application/admin_a5a8269a-9117-4a77-b9f9-40f799f44201_SANDBOX,Internal/subscriber,Internal/creator,Application/apim_devportal,Internal/publisher,Internal/devops,Internal/analytics,Internal/observer","http://wso2.org/claims/userprincipal":"admin"}} Outcome=Success
TID: [-1234] [2022-11-28 22:05:06,359]  INFO {AUDIT_LOG} - Initiator=admin@carbon.super Action=Get-User-Claim-Values Target=admin Data={"Claims":{"http://wso2.org/claims/username":"admin","http://wso2.org/claims/userid":"37b8f14e-9921-4597-9119-6f234488d57d","http://wso2.org/claims/role":"Application/admin_0550c906-ee9e-4c2a-b482-0eee061314ca_SANDBOX,Internal/everyone,admin,Application/apim_publisher,Internal/integration_dev,Application/admin_a5a8269a-9117-4a77-b9f9-40f799f44201_SANDBOX,Internal/subscriber,Internal/creator,Application/apim_devportal,Internal/publisher,Internal/devops,Internal/analytics,Internal/observer","http://wso2.org/claims/userprincipal":"admin"}} Outcome=Success
TID: [-1234] [2022-11-28 22:06:09,662]  INFO {AUDIT_LOG} - Initiator=wso2.system.user Action=Get-User-Claim-Values Target=admin Data={"Claims":{},"Profile":"default"} Outcome=Success
TID: [-1234] [2022-11-28 22:06:14,684]  INFO {AUDIT_LOG} - Initiator=wso2.system.user Action=Get-User-Claim-Values Target=admin Data={"Claims":{},"Profile":"default"} Outcome=Success
TID: [-1234] [2022-11-28 22:07:51,940]  INFO {AUDIT_LOG} - Initiator : admin@carbon.super | Action : update | Target : 5 | Data : { admin_a5a8269a-9117-4a77-b9f9-40f799f44201_SANDBOX } | Result : Success 
TID: [-1234] [2022-11-28 22:07:51,948]  INFO {AUDIT_LOG} - {"performedBy":"admin","action":"updated","typ":"Application","info":"{"application_name":"admin_a5a8269a-9117-4a77-b9f9-40f799f44201_SANDBOX","Updated Oauth app with grant types":"{\"grant_types\":\"refresh_token,urn:ietf:params:oauth:grant-type:saml2-bearer,password,client_credentials,iwa:ntlm,authorization_code,urn:ietf:params:oauth:grant-type:token-exchange,urn:ietf:params:oauth:grant-type:jwt-bearer\",\"username\":\"admin\",\"additionalProperties\":\"{\\\"id_token_expiry_time\\\":\\\"36000000000000\\\",\\\"application_access_token_expiry_time\\\":\\\"360000000\\\",\\\"user_access_token_expiry_time\\\":\\\"360000000\\\",\\\"bypassClientCredentials\\\":false,\\\"pkceMandatory\\\":false,\\\"pkceSupportPlain\\\":false,\\\"refresh_token_expiry_time\\\":\\\"8640000000000\\\"}\"}","Updated Oauth app with Call back URL":"http:\/\/localhost"}"}
TID: [-1234] [2022-11-28 22:09:06,845]  INFO {AUDIT_LOG} - Initiator : admin@carbon.super | Action : update | Target : 4 | Data : { admin_0550c906-ee9e-4c2a-b482-0eee061314ca_SANDBOX } | Result : Success 
TID: [-1234] [2022-11-28 22:09:06,853]  INFO {AUDIT_LOG} - {"performedBy":"admin","action":"updated","typ":"Application","info":"{"application_name":"admin_0550c906-ee9e-4c2a-b482-0eee061314ca_SANDBOX","Updated Oauth app with grant types":"{\"grant_types\":\"urn:ietf:params:oauth:grant-type:saml2-bearer,password,client_credentials,iwa:ntlm,authorization_code,urn:ietf:params:oauth:grant-type:token-exchange,urn:ietf:params:oauth:grant-type:jwt-bearer\",\"username\":\"admin\",\"additionalProperties\":\"{\\\"id_token_expiry_time\\\":3600,\\\"application_access_token_expiry_time\\\":3600,\\\"user_access_token_expiry_time\\\":3600,\\\"bypassClientCredentials\\\":false,\\\"pkceMandatory\\\":false,\\\"pkceSupportPlain\\\":false,\\\"refresh_token_expiry_time\\\":86400}\"}","Updated Oauth app with Call back URL":"http:\/\/localhost"}"}
TID: [-1234] [2022-11-28 22:09:18,406]  INFO {AUDIT_LOG} - Initiator : admin@carbon.super | Action : update | Target : 4 | Data : { admin_0550c906-ee9e-4c2a-b482-0eee061314ca_SANDBOX } | Result : Success 
TID: [-1234] [2022-11-28 22:09:18,439]  INFO {AUDIT_LOG} - {"performedBy":"admin","action":"updated","typ":"Application","info":"{"application_name":"admin_0550c906-ee9e-4c2a-b482-0eee061314ca_SANDBOX","Updated Oauth app with grant types":"{\"grant_types\":\"\",\"username\":\"admin\",\"additionalProperties\":\"{\\\"id_token_expiry_time\\\":3600,\\\"application_access_token_expiry_time\\\":3600,\\\"user_access_token_expiry_time\\\":3600,\\\"bypassClientCredentials\\\":false,\\\"pkceMandatory\\\":false,\\\"pkceSupportPlain\\\":false,\\\"refresh_token_expiry_time\\\":86400}\"}","Updated Oauth app with Call back URL":""}"}
TID: [-1234] [2022-11-28 22:11:33,074]  INFO {AUDIT_LOG} - Initiator : admin@carbon.super | Action : update | Target : 5 | Data : { admin_a5a8269a-9117-4a77-b9f9-40f799f44201_SANDBOX } | Result : Success 
TID: [-1234] [2022-11-28 22:11:33,090]  INFO {AUDIT_LOG} - {"performedBy":"admin","action":"updated","typ":"Application","info":"{"application_name":"admin_a5a8269a-9117-4a77-b9f9-40f799f44201_SANDBOX","Updated Oauth app with grant types":"{\"grant_types\":\"\",\"username\":\"admin\",\"additionalProperties\":\"{\\\"id_token_expiry_time\\\":36000000000000,\\\"application_access_token_expiry_time\\\":360000000,\\\"user_access_token_expiry_time\\\":360000000,\\\"bypassClientCredentials\\\":false,\\\"pkceMandatory\\\":false,\\\"pkceSupportPlain\\\":false,\\\"refresh_token_expiry_time\\\":8640000000000}\"}","Updated Oauth app with Call back URL":""}"}
TID: [-1234] [2022-11-28 22:12:10,862]  INFO {AUDIT_LOG} - {"performedBy":"admin","action":"updated","typ":"Application","info":"{"Re-Generated Keys for application with client Id":"fbnFGKAWlDUrD4LwjfCqa3wbFEEa"}"}
TID: [-1234] [2022-11-28 22:12:14,593]  INFO {AUDIT_LOG} - {"performedBy":"admin","action":"updated","typ":"Application","info":"{"Re-Generated Keys for application with client Id":"fbnFGKAWlDUrD4LwjfCqa3wbFEEa"}"}
TID: [-1234] [2022-11-28 22:12:26,572]  INFO {AUDIT_LOG} - {"performedBy":"admin","action":"updated","typ":"Application","info":"{"Re-Generated Keys for application with client Id":"fbnFGKAWlDUrD4LwjfCqa3wbFEEa"}"}
TID: [-1234] [2022-11-28 22:13:41,458]  INFO {AUDIT_LOG} - Initiator : admin@carbon.super | Action : update | Target : 4 | Data : { admin_0550c906-ee9e-4c2a-b482-0eee061314ca_SANDBOX } | Result : Success 
TID: [-1234] [2022-11-28 22:13:41,482]  INFO {AUDIT_LOG} - {"performedBy":"admin","action":"updated","typ":"Application","info":"{"application_name":"admin_0550c906-ee9e-4c2a-b482-0eee061314ca_SANDBOX","Updated Oauth app with grant types":"{\"grant_types\":\",refresh_token,urn:ietf:params:oauth:grant-type:token-exchange,urn:ietf:params:oauth:grant-type:saml2-bearer,password,client_credentials,urn:ietf:params:oauth:grant-type:jwt-bearer,iwa:ntlm,authorization_code\",\"username\":\"admin\",\"additionalProperties\":\"{\\\"id_token_expiry_time\\\":3600,\\\"application_access_token_expiry_time\\\":3600,\\\"user_access_token_expiry_time\\\":3600,\\\"bypassClientCredentials\\\":false,\\\"pkceMandatory\\\":false,\\\"pkceSupportPlain\\\":false,\\\"refresh_token_expiry_time\\\":86400}\"}","Updated Oauth app with Call back URL":"http:\/\/localhost"}"}
TID: [-1234] [2022-11-28 22:13:49,054]  INFO {AUDIT_LOG} - {"performedBy":"admin","action":"updated","typ":"Application","info":"{"Re-Generated Keys for application with client Id":"fbnFGKAWlDUrD4LwjfCqa3wbFEEa"}"}
TID: [-1234] [2022-11-28 22:14:06,554]  INFO {AUDIT_LOG} - Initiator : admin@carbon.super | Action : update | Target : 5 | Data : { admin_a5a8269a-9117-4a77-b9f9-40f799f44201_SANDBOX } | Result : Success 
TID: [-1234] [2022-11-28 22:14:06,571]  INFO {AUDIT_LOG} - {"performedBy":"admin","action":"updated","typ":"Application","info":"{"application_name":"admin_a5a8269a-9117-4a77-b9f9-40f799f44201_SANDBOX","Updated Oauth app with grant types":"{\"grant_types\":\",refresh_token,urn:ietf:params:oauth:grant-type:token-exchange,urn:ietf:params:oauth:grant-type:saml2-bearer,password,urn:ietf:params:oauth:grant-type:jwt-bearer,iwa:ntlm,client_credentials,authorization_code\",\"username\":\"admin\",\"additionalProperties\":\"{\\\"id_token_expiry_time\\\":36000000000000,\\\"application_access_token_expiry_time\\\":360000000,\\\"user_access_token_expiry_time\\\":360000000,\\\"bypassClientCredentials\\\":false,\\\"pkceMandatory\\\":false,\\\"pkceSupportPlain\\\":false,\\\"refresh_token_expiry_time\\\":8640000000000}\"}","Updated Oauth app with Call back URL":"http:\/\/localhost"}"}
TID: [-1234] [2022-11-28 22:14:13,204]  INFO {AUDIT_LOG} - {"performedBy":"admin","action":"updated","typ":"Application","info":"{"Re-Generated Keys for application with client Id":"fbnFGKAWlDUrD4LwjfCqa3wbFEEa"}"}
TID: [-1234] [2022-11-28 22:14:13,238]  INFO {AUDIT_LOG} - Initiator=wso2.system.user Action=Get-User-Claim-Values Target=admin Data={"Claims":{},"Profile":"default"} Outcome=Success
TID: [-1234] [2022-11-28 22:14:18,215]  INFO {AUDIT_LOG} - Initiator=wso2.system.user Action=Get-User-Claim-Values Target=admin Data={"Claims":{},"Profile":"default"} Outcome=Success
TID: [-1234] [2022-11-28 22:31:44,750]  INFO {AUDIT_LOG} - Initiator=wso2.system.user Action=Get-User-Claim-Values Target=admin Data={"Claims":{},"Profile":"default"} Outcome=Success
