TID: [-1234] [2022-11-29 13:04:23,375]  INFO {AUDIT_LOG} - Initiator=wso2.system.user Action=Get-User-Claim-Values Target=admin Data={"Claims":{},"Profile":"default"} Outcome=Success
TID: [-1234] [2022-11-29 13:04:23,375]  INFO {AUDIT_LOG} - Initiator=wso2.system.user Action=Get-User-Claim-Values Target=admin Data={"Claims":{},"Profile":"default"} Outcome=Success
TID: [-1234] [2022-11-29 13:04:23,375]  INFO {AUDIT_LOG} - Initiator=wso2.system.user Action=Get-User-Claim-Values Target=admin Data={"Claims":{},"Profile":"default"} Outcome=Success
TID: [-1234] [2022-11-29 13:04:23,375]  INFO {AUDIT_LOG} - Initiator=wso2.system.user Action=Get-User-Claim-Values Target=admin Data={"Claims":{},"Profile":"default"} Outcome=Success
TID: [-1234] [2022-11-29 13:04:23,375]  INFO {AUDIT_LOG} - Initiator=wso2.system.user Action=Get-User-Claim-Values Target=admin Data={"Claims":{},"Profile":"default"} Outcome=Success
TID: [-1234] [2022-11-29 13:04:23,375]  INFO {AUDIT_LOG} - Initiator=wso2.system.user Action=Get-User-Claim-Values Target=admin Data={"Claims":{},"Profile":"default"} Outcome=Success
TID: [-1234] [2022-11-29 13:04:23,375]  INFO {AUDIT_LOG} - Initiator=wso2.system.user Action=Get-User-Claim-Values Target=admin Data={"Claims":{},"Profile":"default"} Outcome=Success
TID: [-1234] [2022-11-29 13:04:23,375]  INFO {AUDIT_LOG} - Initiator=wso2.system.user Action=Get-User-Claim-Values Target=admin Data={"Claims":{},"Profile":"default"} Outcome=Success
TID: [-1234] [2022-11-29 13:04:23,375]  INFO {AUDIT_LOG} - Initiator=wso2.system.user Action=Get-User-Claim-Values Target=admin Data={"Claims":{},"Profile":"default"} Outcome=Success
TID: [-1234] [2022-11-29 13:04:23,375]  INFO {AUDIT_LOG} - Initiator=wso2.system.user Action=Get-User-Claim-Values Target=admin Data={"Claims":{},"Profile":"default"} Outcome=Success
TID: [-1234] [2022-11-29 13:04:23,375]  INFO {AUDIT_LOG} - Initiator=wso2.system.user Action=Get-User-Claim-Values Target=admin Data={"Claims":{},"Profile":"default"} Outcome=Success
TID: [-1234] [2022-11-29 13:04:23,376]  INFO {AUDIT_LOG} - Initiator=wso2.system.user Action=Get-User-Claim-Values Target=admin Data={"Claims":{},"Profile":"default"} Outcome=Success
TID: [-1234] [2022-11-29 13:04:23,376]  INFO {AUDIT_LOG} - Initiator=wso2.system.user Action=Get-User-Claim-Values Target=admin Data={"Claims":{},"Profile":"default"} Outcome=Success
TID: [-1234] [2022-11-29 13:04:23,376]  INFO {AUDIT_LOG} - Initiator=wso2.system.user Action=Get-User-Claim-Values Target=admin Data={"Claims":{},"Profile":"default"} Outcome=Success
TID: [-1234] [2022-11-29 13:04:23,376]  INFO {AUDIT_LOG} - Initiator=wso2.system.user Action=Get-User-Claim-Values Target=admin Data={"Claims":{},"Profile":"default"} Outcome=Success
TID: [-1234] [2022-11-29 13:04:23,376]  INFO {AUDIT_LOG} - Initiator=wso2.system.user Action=Get-User-Claim-Values Target=admin Data={"Claims":{},"Profile":"default"} Outcome=Success
TID: [-1234] [2022-11-29 13:04:24,718]  INFO {AUDIT_LOG} - Initiator=wso2.system.user Action=Get-User-Claim-Values Target=admin Data={"Claims":{},"Profile":"default"} Outcome=Success
TID: [-1234] [2022-11-29 13:04:24,807]  INFO {AUDIT_LOG} - Initiator=wso2.system.user Action=Get-User-Claim-Values Target=admin Data={"Claims":{},"Profile":"default"} Outcome=Success
TID: [-1234] [2022-11-29 13:04:24,957]  INFO {AUDIT_LOG} - Initiator=wso2.system.user Action=Get-User-Claim-Values Target=admin Data={"Claims":{},"Profile":"default"} Outcome=Success
TID: [-1234] [2022-11-29 13:04:25,349]  INFO {AUDIT_LOG} - Initiator=wso2.system.user Action=Get-User-Claim-Values Target=admin Data={"Claims":{},"Profile":"default"} Outcome=Success
TID: [-1234] [2022-11-29 13:04:25,488]  INFO {AUDIT_LOG} - Initiator=wso2.system.user Action=Get-User-Claim-Values Target=admin Data={"Claims":{},"Profile":"default"} Outcome=Success
TID: [-1234] [2022-11-29 13:04:25,728]  INFO {AUDIT_LOG} - Initiator=wso2.system.user Action=Get-User-Claim-Values Target=admin Data={"Claims":{},"Profile":"default"} Outcome=Success
TID: [-1234] [2022-11-29 13:04:27,499]  INFO {AUDIT_LOG} - Initiator=wso2.system.user Action=Get-User-Claim-Values Target=admin Data={"Claims":{},"Profile":"default"} Outcome=Success
TID: [-1234] [2022-11-29 13:04:27,507]  INFO {AUDIT_LOG} - Initiator=wso2.system.user Action=Get-User-Claim-Values Target=admin Data={"Claims":{},"Profile":"default"} Outcome=Success
TID: [-1234] [2022-11-29 13:04:27,507]  INFO {AUDIT_LOG} - Initiator=wso2.system.user Action=Get-User-Claim-Values Target=admin Data={"Claims":{},"Profile":"default"} Outcome=Success
TID: [-1234] [2022-11-29 13:04:27,507]  INFO {AUDIT_LOG} - Initiator=wso2.system.user Action=Get-User-Claim-Values Target=admin Data={"Claims":{},"Profile":"default"} Outcome=Success
TID: [-1234] [2022-11-29 13:04:27,507]  INFO {AUDIT_LOG} - Initiator=wso2.system.user Action=Get-User-Claim-Values Target=admin Data={"Claims":{},"Profile":"default"} Outcome=Success
TID: [-1234] [2022-11-29 13:04:27,507]  INFO {AUDIT_LOG} - Initiator=wso2.system.user Action=Get-User-Claim-Values Target=admin Data={"Claims":{},"Profile":"default"} Outcome=Success
TID: [-1234] [2022-11-29 13:04:27,512]  INFO {AUDIT_LOG} - Initiator=wso2.system.user Action=Get-User-Claim-Values Target=admin Data={"Claims":{},"Profile":"default"} Outcome=Success
TID: [-1234] [2022-11-29 13:04:27,512]  INFO {AUDIT_LOG} - Initiator=wso2.system.user Action=Get-User-Claim-Values Target=admin Data={"Claims":{},"Profile":"default"} Outcome=Success
TID: [-1234] [2022-11-29 13:04:32,839]  INFO {AUDIT_LOG} - Initiator=wso2.system.user Action=Get-User-Claim-Values Target=admin Data={"Claims":{},"Profile":"default"} Outcome=Success
TID: [-1234] [2022-11-29 13:04:32,839]  INFO {AUDIT_LOG} - Initiator=wso2.system.user Action=Get-User-Claim-Values Target=admin Data={"Claims":{},"Profile":"default"} Outcome=Success
TID: [-1234] [2022-11-29 13:04:32,839]  INFO {AUDIT_LOG} - Initiator=wso2.system.user Action=Get-User-Claim-Values Target=admin Data={"Claims":{},"Profile":"default"} Outcome=Success
TID: [-1234] [2022-11-29 13:04:32,839]  INFO {AUDIT_LOG} - Initiator=wso2.system.user Action=Get-User-Claim-Values Target=admin Data={"Claims":{},"Profile":"default"} Outcome=Success
TID: [-1234] [2022-11-29 13:04:32,839]  INFO {AUDIT_LOG} - Initiator=wso2.system.user Action=Get-User-Claim-Values Target=admin Data={"Claims":{},"Profile":"default"} Outcome=Success
TID: [-1234] [2022-11-29 13:04:32,839]  INFO {AUDIT_LOG} - Initiator=wso2.system.user Action=Get-User-Claim-Values Target=admin Data={"Claims":{},"Profile":"default"} Outcome=Success
TID: [-1234] [2022-11-29 13:04:32,839]  INFO {AUDIT_LOG} - Initiator=wso2.system.user Action=Get-User-Claim-Values Target=admin Data={"Claims":{},"Profile":"default"} Outcome=Success
TID: [-1234] [2022-11-29 13:04:32,842]  INFO {AUDIT_LOG} - Initiator=wso2.system.user Action=Get-User-Claim-Values Target=admin Data={"Claims":{},"Profile":"default"} Outcome=Success
TID: [-1234] [2022-11-29 13:04:33,059]  INFO {AUDIT_LOG} - Initiator=wso2.system.user Action=Get-Roles-of-User Target=admin Data={"Filter":"*","Roles":["Application/admin_0550c906-ee9e-4c2a-b482-0eee061314ca_SANDBOX","Internal/everyone","admin","Application/apim_publisher","Internal/integration_dev","Application/admin_a5a8269a-9117-4a77-b9f9-40f799f44201_SANDBOX","Internal/subscriber","Internal/creator","Application/apim_devportal","Internal/publisher","Internal/devops","Internal/analytics","Internal/observer"]} Outcome=Success
TID: [-1234] [2022-11-29 13:04:39,514]  INFO {AUDIT_LOG} - Initiator=wso2.system.user Action=Get-User-Claim-Values Target=admin Data={"Claims":{},"Profile":"default"} Outcome=Success
TID: [-1234] [2022-11-29 13:04:44,745]  INFO {AUDIT_LOG} - Initiator=wso2.system.user Action=Get-User-Claim-Values Target=admin Data={"Claims":{},"Profile":"default"} Outcome=Success
TID: [-1234] [2022-11-29 13:07:15,249]  INFO {AUDIT_LOG} - Initiator=wso2.system.user Action=Get-User-Claim-Values Target=admin Data={"Claims":{},"Profile":"default"} Outcome=Success
TID: [-1234] [2022-11-29 13:07:20,226]  INFO {AUDIT_LOG} - Initiator=wso2.system.user Action=Get-User-Claim-Values Target=admin Data={"Claims":{},"Profile":"default"} Outcome=Success
TID: [-1234] [2022-11-29 13:12:55,927]  INFO {AUDIT_LOG} - Initiator=wso2.system.user Action=Get-User-Claim-Values Target=admin Data={"Claims":{},"Profile":"default"} Outcome=Success
TID: [-1234] [2022-11-29 13:12:56,689]  WARN {AUDIT_LOG} - Initiator=admin@carbon.super Action=Add-Role Target=Application/admin_0550c906-ee9e-4c2a-b482-0eee061314ca_PRODUCTION Data={"UserName":"admin","Users":["37b8f14e-9921-4597-9119-6f234488d57d"]} Outcome=Success
TID: [-1234] [2022-11-29 13:12:56,693]  INFO {AUDIT_LOG} - Initiator : admin@carbon.super | Action : create | Target : 6 | Data : { admin_0550c906-ee9e-4c2a-b482-0eee061314ca_PRODUCTION } | Result : Success 
TID: [-1234] [2022-11-29 13:12:56,784]  INFO {AUDIT_LOG} - Initiator : admin@carbon.super | Action : update | Target : 6 | Data : { admin_0550c906-ee9e-4c2a-b482-0eee061314ca_PRODUCTION } | Result : Success 
TID: [-1234] [2022-11-29 13:12:56,877]  INFO {AUDIT_LOG} - Initiator=wso2.system.user Action=Get-Roles-of-User Target=admin Data={"Filter":"*","Roles":["Application/admin_0550c906-ee9e-4c2a-b482-0eee061314ca_SANDBOX","Internal/everyone","admin","Application/apim_publisher","Internal/integration_dev","Application/admin_a5a8269a-9117-4a77-b9f9-40f799f44201_SANDBOX","Internal/subscriber","Application/admin_0550c906-ee9e-4c2a-b482-0eee061314ca_PRODUCTION","Internal/creator","Application/apim_devportal","Internal/publisher","Internal/devops","Internal/analytics","Internal/observer"]} Outcome=Success
TID: [-1234] [2022-11-29 13:12:56,909]  INFO {AUDIT_LOG} - {"performedBy":"admin","action":"updated","typ":"Application","info":"{"Generated keys for application":"stages"}"}
TID: [-1234] [2022-11-29 13:12:56,953]  INFO {AUDIT_LOG} - Initiator=wso2.system.user Action=Get-User-Claim-Values Target=admin Data={"Claims":{},"Profile":"default"} Outcome=Success
TID: [-1234] [2022-11-29 13:13:01,990]  INFO {AUDIT_LOG} - Initiator=wso2.system.user Action=Get-User-Claim-Values Target=admin Data={"Claims":{},"Profile":"default"} Outcome=Success
TID: [-1234] [2022-11-29 13:13:16,742]  INFO {AUDIT_LOG} - Initiator : admin@carbon.super | Action : update | Target : 6 | Data : { admin_0550c906-ee9e-4c2a-b482-0eee061314ca_PRODUCTION } | Result : Success 
TID: [-1234] [2022-11-29 13:13:16,766]  INFO {AUDIT_LOG} - {"performedBy":"admin","action":"updated","typ":"Application","info":"{"application_name":"admin_0550c906-ee9e-4c2a-b482-0eee061314ca_PRODUCTION","Updated Oauth app with grant types":"{\"grant_types\":\"password,client_credentials\",\"username\":\"admin\",\"additionalProperties\":\"{\\\"id_token_expiry_time\\\":\\\"3600000000\\\",\\\"application_access_token_expiry_time\\\":\\\"36000000\\\",\\\"user_access_token_expiry_time\\\":\\\"3600000000\\\",\\\"bypassClientCredentials\\\":false,\\\"pkceMandatory\\\":false,\\\"pkceSupportPlain\\\":false,\\\"refresh_token_expiry_time\\\":\\\"86400000000\\\"}\"}","Updated Oauth app with Call back URL":""}"}
TID: [-1234] [2022-11-29 13:13:56,635]  INFO {AUDIT_LOG} - {"performedBy":"admin","action":"updated","typ":"Application","info":"{"Re-Generated Keys for application with client Id":"uKaQWs4ESbw6VM07UiujhiWr2ZUa"}"}
TID: [-1234] [2022-11-29 13:13:56,686]  INFO {AUDIT_LOG} - Initiator=wso2.system.user Action=Get-User-Claim-Values Target=admin Data={"Claims":{},"Profile":"default"} Outcome=Success
TID: [-1234] [2022-11-29 13:14:01,724]  INFO {AUDIT_LOG} - Initiator=wso2.system.user Action=Get-User-Claim-Values Target=admin Data={"Claims":{},"Profile":"default"} Outcome=Success
TID: [-1234] [2022-11-29 13:16:09,162]  INFO {AUDIT_LOG} - Initiator=admin@carbon.super Action=Get-User-Claim-Values Target=admin Data={"Claims":{"http://wso2.org/claims/username":"admin","http://wso2.org/claims/userid":"37b8f14e-9921-4597-9119-6f234488d57d","http://wso2.org/claims/role":"Application/admin_0550c906-ee9e-4c2a-b482-0eee061314ca_SANDBOX,Internal/everyone,admin,Application/apim_publisher,Internal/integration_dev,Application/admin_a5a8269a-9117-4a77-b9f9-40f799f44201_SANDBOX,Internal/subscriber,Application/admin_0550c906-ee9e-4c2a-b482-0eee061314ca_PRODUCTION,Internal/creator,Application/apim_devportal,Internal/publisher,Internal/devops,Internal/analytics,Internal/observer","http://wso2.org/claims/userprincipal":"admin"}} Outcome=Success
TID: [-1234] [2022-11-29 13:16:09,162]  INFO {AUDIT_LOG} - Initiator=admin@carbon.super Action=Get-User-Claim-Values Target=admin Data={"Claims":{"http://wso2.org/claims/username":"admin","http://wso2.org/claims/userid":"37b8f14e-9921-4597-9119-6f234488d57d","http://wso2.org/claims/role":"Application/admin_0550c906-ee9e-4c2a-b482-0eee061314ca_SANDBOX,Internal/everyone,admin,Application/apim_publisher,Internal/integration_dev,Application/admin_a5a8269a-9117-4a77-b9f9-40f799f44201_SANDBOX,Internal/subscriber,Application/admin_0550c906-ee9e-4c2a-b482-0eee061314ca_PRODUCTION,Internal/creator,Application/apim_devportal,Internal/publisher,Internal/devops,Internal/analytics,Internal/observer","http://wso2.org/claims/userprincipal":"admin"}} Outcome=Success
TID: [-1234] [2022-11-29 15:51:31,153]  INFO {AUDIT_LOG} - Initiator=wso2.system.user Action=Get-User-Claim-Values Target=admin Data={"Claims":{},"Profile":"default"} Outcome=Success
TID: [-1234] [2022-11-29 15:51:31,153]  INFO {AUDIT_LOG} - Initiator=wso2.system.user Action=Get-User-Claim-Values Target=admin Data={"Claims":{},"Profile":"default"} Outcome=Success
TID: [-1234] [2022-11-29 15:51:31,153]  INFO {AUDIT_LOG} - Initiator=wso2.system.user Action=Get-User-Claim-Values Target=admin Data={"Claims":{},"Profile":"default"} Outcome=Success
TID: [-1234] [2022-11-29 15:51:31,153]  INFO {AUDIT_LOG} - Initiator=wso2.system.user Action=Get-User-Claim-Values Target=admin Data={"Claims":{},"Profile":"default"} Outcome=Success
TID: [-1234] [2022-11-29 15:51:31,163]  INFO {AUDIT_LOG} - Initiator=wso2.system.user Action=Get-User-Claim-Values Target=admin Data={"Claims":{},"Profile":"default"} Outcome=Success
TID: [-1234] [2022-11-29 15:51:31,198]  INFO {AUDIT_LOG} - Initiator=wso2.system.user Action=Get-User-Claim-Values Target=admin Data={"Claims":{},"Profile":"default"} Outcome=Success
TID: [-1234] [2022-11-29 15:51:31,224]  INFO {AUDIT_LOG} - Initiator=wso2.system.user Action=Get-User-Claim-Values Target=admin Data={"Claims":{},"Profile":"default"} Outcome=Success
TID: [-1234] [2022-11-29 15:51:31,237]  INFO {AUDIT_LOG} - Initiator=wso2.system.user Action=Get-User-Claim-Values Target=admin Data={"Claims":{},"Profile":"default"} Outcome=Success
TID: [-1234] [2022-11-29 15:51:54,288]  INFO {AUDIT_LOG} - Initiator=wso2.system.user Action=Get-User-Claim-Values Target=admin Data={"Claims":{},"Profile":"default"} Outcome=Success
TID: [-1234] [2022-11-29 15:51:54,430]  INFO {AUDIT_LOG} - Initiator=wso2.system.user Action=Get-User-Claim-Values Target=admin Data={"Claims":{},"Profile":"default"} Outcome=Success
TID: [-1234] [2022-11-29 15:51:54,430]  INFO {AUDIT_LOG} - Initiator=wso2.system.user Action=Get-User-Claim-Values Target=admin Data={"Claims":{},"Profile":"default"} Outcome=Success
TID: [-1234] [2022-11-29 15:51:54,435]  INFO {AUDIT_LOG} - Initiator=wso2.system.user Action=Get-User-Claim-Values Target=admin Data={"Claims":{},"Profile":"default"} Outcome=Success
TID: [-1234] [2022-11-29 15:51:54,435]  INFO {AUDIT_LOG} - Initiator=wso2.system.user Action=Get-User-Claim-Values Target=admin Data={"Claims":{},"Profile":"default"} Outcome=Success
TID: [-1234] [2022-11-29 15:51:54,435]  INFO {AUDIT_LOG} - Initiator=wso2.system.user Action=Get-User-Claim-Values Target=admin Data={"Claims":{},"Profile":"default"} Outcome=Success
TID: [-1234] [2022-11-29 15:51:54,453]  INFO {AUDIT_LOG} - Initiator=wso2.system.user Action=Get-User-Claim-Values Target=admin Data={"Claims":{},"Profile":"default"} Outcome=Success
TID: [-1234] [2022-11-29 15:51:54,470]  INFO {AUDIT_LOG} - Initiator=wso2.system.user Action=Get-User-Claim-Values Target=admin Data={"Claims":{},"Profile":"default"} Outcome=Success
TID: [-1234] [2022-11-29 15:51:54,512]  INFO {AUDIT_LOG} - Initiator=wso2.system.user Action=Get-Roles-of-User Target=admin Data={"Filter":"*","Roles":["Application/admin_0550c906-ee9e-4c2a-b482-0eee061314ca_SANDBOX","Internal/everyone","admin","Application/apim_publisher","Internal/integration_dev","Application/admin_a5a8269a-9117-4a77-b9f9-40f799f44201_SANDBOX","Internal/subscriber","Application/admin_0550c906-ee9e-4c2a-b482-0eee061314ca_PRODUCTION","Internal/creator","Application/apim_devportal","Internal/publisher","Internal/devops","Internal/analytics","Internal/observer"]} Outcome=Success
TID: [-1234] [2022-11-29 17:42:57,861]  INFO {AUDIT_LOG} - Initiator=wso2.system.user Action=Get-Roles-of-User Target=admin Data={"Filter":"*","Roles":["Application/admin_0550c906-ee9e-4c2a-b482-0eee061314ca_SANDBOX","Internal/everyone","admin","Application/apim_publisher","Internal/integration_dev","Application/admin_a5a8269a-9117-4a77-b9f9-40f799f44201_SANDBOX","Internal/subscriber","Application/admin_0550c906-ee9e-4c2a-b482-0eee061314ca_PRODUCTION","Internal/creator","Application/apim_devportal","Internal/publisher","Internal/devops","Internal/analytics","Internal/observer"]} Outcome=Success
TID: [-1234] [2022-11-29 17:42:57,921]  INFO {AUDIT_LOG} - Initiator=wso2.system.user Action=Get-User-Claim-Values Target=admin Data={"Claims":{},"Profile":"default"} Outcome=Success
TID: [-1234] [2022-11-29 17:42:57,978]  INFO {AUDIT_LOG} - Initiator=wso2.system.user Action=Get-User-Claim-Values Target=admin Data={"Claims":{},"Profile":"default"} Outcome=Success
TID: [-1234] [2022-11-29 17:58:56,652]  INFO {AUDIT_LOG} - {"performedBy":"admin","action":"updated","typ":"API","info":"{"provider":"admin","name":"cycling_stats","context":"\/cycling_stats\/1.0","version":"1.0"}"}
TID: [-1234] [2022-11-29 17:58:56,719]  INFO {AUDIT_LOG} - Initiator=wso2.system.user Action=Get-User-Claim-Values Target=admin Data={"Claims":{},"Profile":"default"} Outcome=Success
TID: [-1234] [2022-11-29 17:58:56,730]  INFO {AUDIT_LOG} - Initiator=wso2.system.user Action=Get-User-Claim-Values Target=admin Data={"Claims":{},"Profile":"default"} Outcome=Success
TID: [-1234] [2022-11-29 17:58:56,739]  INFO {AUDIT_LOG} - Initiator=wso2.system.user Action=Get-Roles-of-User Target=admin Data={"Filter":"*","Roles":["Application/admin_0550c906-ee9e-4c2a-b482-0eee061314ca_SANDBOX","Internal/everyone","admin","Application/apim_publisher","Internal/integration_dev","Application/admin_a5a8269a-9117-4a77-b9f9-40f799f44201_SANDBOX","Internal/subscriber","Application/admin_0550c906-ee9e-4c2a-b482-0eee061314ca_PRODUCTION","Internal/creator","Application/apim_devportal","Internal/publisher","Internal/devops","Internal/analytics","Internal/observer"]} Outcome=Success
TID: [-1234] [2022-11-29 17:58:57,013]  INFO {AUDIT_LOG} - Initiator=wso2.system.user Action=Get-User-Claim-Values Target=admin Data={"Claims":{},"Profile":"default"} Outcome=Success
TID: [-1234] [2022-11-29 18:02:32,319]  INFO {AUDIT_LOG} - {"performedBy":"admin","action":"updated","typ":"API","info":"{"provider":"admin","name":"cycling_stats","context":"\/cycling_stats\/1.0","version":"1.0"}"}
TID: [-1234] [2022-11-29 18:02:32,372]  INFO {AUDIT_LOG} - Initiator=wso2.system.user Action=Get-User-Claim-Values Target=admin Data={"Claims":{},"Profile":"default"} Outcome=Success
TID: [-1234] [2022-11-29 18:02:32,731]  INFO {AUDIT_LOG} - Initiator=wso2.system.user Action=Get-User-Claim-Values Target=admin Data={"Claims":{},"Profile":"default"} Outcome=Success
